### ISSUE TITLE
Core dump that doesn't appear to cause issues

### ISSUE THREAD

**Issue by raj-magesh** [dunst-project/dunst#1492]
I was going through my journal logs and noticed that dunst seems to coredump frequently, perhaps every time I receive a notification. It doesn't seem to cause any issues: I still receive further notifications, but I thought it'd be useful to post the output of `coredumpctl info` in case you'd like to fix whatever's causing it:

```
           PID: 4273 (.dunst-wrapped)
           UID: 1000 (raj)
           GID: 100 (users)
        Signal: 11 (SEGV)
     Timestamp: Sat 2025-06-28 16:20:56 EDT (6h ago)
  Command Line: /nix/store/1d08d1a21hsmii0grj2zfkgd4xqnv0g3-dunst-1.12.2/bin/dunst
    Executable: /nix/store/1d08d1a21hsmii0grj2zfkgd4xqnv0g3-dunst-1.12.2/bin/.dunst-wrapped
 Control Group: /user.slice/user-1000.slice/user@1000.service/app.slice/dunst.service
          Unit: user@1000.service
     User Unit: dunst.service
         Slice: user-1000.slice
     Owner UID: 1000 (raj)
       Boot ID: ebc5d2a196184e0983896eaff3e7aa10
    Machine ID: a16a9f529ed347b393ee46282acae59d
      Hostname: desktop
       Storage: /var/lib/systemd/coredump/core.\x2edunst-wrapped.1000.ebc5d2a196184e0983896eaff3e7aa10.4273.1751142056000000.zst (present)
  Size on Disk: 506.2K
       Message: Process 4273 (.dunst-wrapped) of user 1000 dumped core.

                Module /nix/store/1d08d1a21hsmii0grj2zfkgd4xqnv0g3-dunst-1.12.2/bin/.dunst-wrapped without build-id.
                Module libbrotlicommon.so.1 without build-id.
                Module libXdmcp.so.6 without build-id.
                Module libXau.so.6 without build-id.
                Module libdatrie.so.1 without build-id.
                Module libexpat.so.1 without build-id.
                Module libbrotlidec.so.1 without build-id.
                Module libbz2.so.1 without build-id.
                Module libxcb-shm.so.0 without build-id.
                Module libxcb-render.so.0 without build-id.
                Module libxcb.so.1 without build-id.
                Module libXrender.so.1 without build-id.
                Module libgraphite2.so.3 without build-id.
                Module libfreetype.so.6 without build-id.
                Module libpcre2-8.so.0 without build-id.
                Module libffi.so.8 without build-id.
                Module libthai.so.0 without build-id.
                Module libfribidi.so.0 without build-id.
                Module libfontconfig.so.1 without build-id.
                Module libpangoft2-1.0.so.0 without build-id.
                Module libjpeg.so.62 without build-id.
                Module libpng16.so.16 without build-id.
                Module libselinux.so.1 without build-id.
                Module libz.so.1 without build-id.
                Module libXss.so.1 without build-id.
                Module libXrandr.so.2 without build-id.
                Module libXext.so.6 without build-id.
                Module libXinerama.so.1 without build-id.
                Module libX11.so.6 without build-id.
                Module libharfbuzz.so.0 without build-id.
                Module libpango-1.0.so.0 without build-id.
                Module libpangocairo-1.0.so.0 without build-id.
                Stack trace of thread 4273:
                #0  0x00007f335b851320 wl_proxy_get_user_data (libwayland-client.so.0 + 0x8320)
                #1  0x0000000000419699 toplevel_handle_output_leave (/nix/store/1d08d1a21hsmii0grj2zfkgd4xqnv0g3-dunst-1.12.2/bin/.dunst-wrapped + 0x19699)
                #2  0x00007f335ab5f052 ffi_call_unix64 (libffi.so.8 + 0xa052)
                #3  0x00007f335ab5d5cd ffi_call_int (libffi.so.8 + 0x85cd)
                #4  0x00007f335ab5e56e ffi_call (libffi.so.8 + 0x956e)
                #5  0x00007f335b853fe6 wl_closure_invoke (libwayland-client.so.0 + 0xafe6)
                #6  0x00007f335b84fc61 dispatch_event (libwayland-client.so.0 + 0x6c61)
                #7  0x00007f335b850fe3 wl_display_dispatch_queue_pending (libwayland-client.so.0 + 0x7fe3)
                #8  0x00000000004197fe _g_water_wayland_source_dispatch (/nix/store/1d08d1a21hsmii0grj2zfkgd4xqnv0g3-dunst-1.12.2/bin/.dunst-wrapped + 0x197fe)
                #9  0x00007f335b42bf6d g_main_context_dispatch_unlocked (libglib-2.0.so.0 + 0x62f6d)
                #10 0x00007f335b42e2b8 g_main_context_iterate_unlocked.isra.0 (libglib-2.0.so.0 + 0x652b8)
                #11 0x00007f335b42eda7 g_main_loop_run (libglib-2.0.so.0 + 0x65da7)
                #12 0x000000000040f5aa dunst_main (/nix/store/1d08d1a21hsmii0grj2zfkgd4xqnv0g3-dunst-1.12.2/bin/.dunst-wrapped + 0xf5aa)
                #13 0x00007f335ac2a4d8 __libc_start_call_main (libc.so.6 + 0x2a4d8)
                #14 0x00007f335ac2a59b __libc_start_main@@GLIBC_2.34 (libc.so.6 + 0x2a59b)
                #15 0x0000000000409805 _start (/nix/store/1d08d1a21hsmii0grj2zfkgd4xqnv0g3-dunst-1.12.2/bin/.dunst-wrapped + 0x9805)

                Stack trace of thread 4280:
                #0  0x00007f335ad14d90 ppoll (libc.so.6 + 0x114d90)
                #1  0x00007f335b42e3a8 g_main_context_iterate_unlocked.isra.0 (libglib-2.0.so.0 + 0x653a8)
                #2  0x00007f335b42eda7 g_main_loop_run (libglib-2.0.so.0 + 0x65da7)
```

I'm on NixOS running niri (a Wayland compositor). Let me know if you need any more details!

**Comment by bynect** [comment]
Hello, I'm  not familiar with nix, what is dunst-wrapped supposed to be?

**Comment by raj-magesh** [comment]
It's apparently supposed to be dunst, except with certain environment variables set.

Here's where Nix packages dunst: https://github.com/NixOS/nixpkgs/blob/master/pkgs/by-name/du/dunst/package.nix#L89-L106

As far as I can tell, it seems pretty vanilla.

**Comment by bynect** [comment]
this happens only in wayland mode? could you try Xwayland mode?
this is not supposed to happen. we had an issue where early loading of dunst (before the DE was ready) caused it to crash.
but here the problem seems to be when communicating with wayland

**Comment by bonswouar** [comment]
I'm not sure it's related, but I'm also having some core-dump logs that don't prevent dunst from running normally later:
```
           PID: 2756 (dunst)
           UID: 1000 (bonswouar)
           GID: 1000 (bonswouar)
        Signal: 5 (TRAP)
     Timestamp: Mon 2025-07-14 13:56:28 CEST (1h 40min ago)
  Command Line: /usr/bin/dunst
    Executable: /usr/bin/dunst
 Control Group: /user.slice/user-1000.slice/user@1000.service/session.slice/dunst.service
          Unit: user@1000.service
     User Unit: dunst.service
         Slice: user-1000.slice
     Owner UID: 1000 (bonswouar)
       Boot ID: 4aab1762e8fa4ebca90ef32ccef620f6
    Machine ID: 39436405b4d24c23886d4b941e84a11f
      Hostname: fedora
       Storage: /var/lib/systemd/coredump/core.dunst.1000.4aab1762e8fa4ebca90ef32ccef620f6.2756.17524941880>
  Size on Disk: 258.8K
       Package: dunst/1.12.2-1.fc42
      build-id: a630fa9783cd97879c6787c0becb98a22fcba927
       Message: Process 2756 (dunst) of user 1000 dumped core.
                
                Module /usr/bin/dunst from rpm dunst-1.12.2-1.fc42.x86_64
                Module libbrotlicommon.so.1 from rpm brotli-1.1.0-6.fc42.x86_64
                Module liblzma.so.5 from rpm xz-5.8.1-2.fc42.x86_64
                Module libXau.so.6 from rpm libXau-1.0.12-2.fc42.x86_64
                Module libbrotlidec.so.1 from rpm brotli-1.1.0-6.fc42.x86_64
                Module libbz2.so.1 from rpm bzip2-1.0.8-20.fc42.x86_64
                Module libdatrie.so.1 from rpm libdatrie-0.2.13-11.fc42.x86_64
                Module libxml2.so.2 from rpm libxml2-2.12.10-1.fc42.x86_64
                Module libgraphite2.so.3 from rpm graphite2-1.3.14-18.fc42.x86_64
                Module libblkid.so.1 from rpm util-linux-2.40.4-7.fc42.x86_64
                Module libpixman-1.so.0 from rpm pixman-0.46.2-1.fc42.x86_64
                Module libxcb-shm.so.0 from rpm libxcb-1.17.0-5.fc42.x86_64
                Module libxcb-render.so.0 from rpm libxcb-1.17.0-5.fc42.x86_64
                Module libxcb.so.1 from rpm libxcb-1.17.0-5.fc42.x86_64
                Module libXrender.so.1 from rpm libXrender-0.9.12-2.fc42.x86_64
                Module libfreetype.so.6 from rpm freetype-2.13.3-2.fc42.x86_64
                Module libpcre2-8.so.0 from rpm pcre2-10.45-1.fc42.x86_64
                Module libffi.so.8 from rpm libffi-3.4.6-5.fc42.x86_64
                Module libthai.so.0 from rpm libthai-0.1.29-10.fc42.x86_64
                Module libfribidi.so.0 from rpm fribidi-1.0.16-2.fc42.x86_64
                Module libfontconfig.so.1 from rpm fontconfig-2.16.0-2.fc42.x86_64
                Module libharfbuzz.so.0 from rpm harfbuzz-10.4.0-1.fc42.x86_64
                Module libpangoft2-1.0.so.0 from rpm pango-1.56.4-1.fc42.x86_64
                Module libjpeg.so.62 from rpm libjpeg-turbo-3.1.0-2.fc42.x86_64
                Module libpng16.so.16 from rpm libpng-1.6.44-2.fc42.x86_64
                Module libselinux.so.1 from rpm libselinux-3.8-2.fc42.x86_64
                Module libmount.so.1 from rpm util-linux-2.40.4-7.fc42.x86_64
                Module libz.so.1 from rpm zlib-ng-2.2.4-3.fc42.x86_64
                Module libgmodule-2.0.so.0 from rpm glib2-2.84.3-1.fc42.x86_64
                Module libXss.so.1 from rpm libXScrnSaver-1.2.4-5.fc42.x86_64
                Module libXrandr.so.2 from rpm libXrandr-1.5.4-5.fc42.x86_64
                Module libXext.so.6 from rpm libXext-1.3.6-3.fc42.x86_64

                Module libXinerama.so.1 from rpm libXinerama-1.1.5-8.fc42.x86_64
                Module libX11.so.6 from rpm libX11-1.8.11-1.fc42.x86_64
                Module libwayland-cursor.so.0 from rpm wayland-1.23.1-1.fc42.x86_64
                Module libwayland-client.so.0 from rpm wayland-1.23.1-1.fc42.x86_64
                Module libcairo.so.2 from rpm cairo-1.18.2-3.fc42.x86_64
                Module libglib-2.0.so.0 from rpm glib2-2.84.3-1.fc42.x86_64
                Module libgobject-2.0.so.0 from rpm glib2-2.84.3-1.fc42.x86_64
                Module libpango-1.0.so.0 from rpm pango-1.56.4-1.fc42.x86_64
                Module libpangocairo-1.0.so.0 from rpm pango-1.56.4-1.fc42.x86_64
                Module libgdk_pixbuf-2.0.so.0 from rpm gdk-pixbuf2-2.42.12-10.fc42.x86_64
                Module libgio-2.0.so.0 from rpm glib2-2.84.3-1.fc42.x86_64
                Stack trace of thread 2756:
                #0  0x00007f88c6d2d588 g_logv (libglib-2.0.so.0 + 0x46588)
                #1  0x00007f88c6d2d833 g_log (libglib-2.0.so.0 + 0x46833)
                #2  0x00005585aca1ccd9 draw_setup (/usr/bin/dunst + 0xbcd9)
                #3  0x00005585aca14835 main (/usr/bin/dunst + 0x3835)
                #4  0x00007f88c682b5f5 __libc_start_call_main (libc.so.6 + 0x35f5)
                #5  0x00007f88c682b6a8 __libc_start_main@@GLIBC_2.34 (libc.so.6 + 0x36a8)
                #3  0x00007f88c7024a9b parse_value_from_blob.isra.0 (libgio-2.0.so.0 + 0xe0a9b)
                #4  0x00007f88c70274bd g_dbus_message_new_from_blob (libgio-2.0.so.0 + 0xe34bd)
                #5  0x00007f88c70353ea _g_dbus_worker_do_read_cb (libgio-2.0.so.0 + 0xf13ea)
                #6  0x00007f88c6fbee7c g_task_return_now (libgio-2.0.so.0 + 0x7ae7c)
                #7  0x00007f88c6fbeeb5 complete_in_idle_cb (libgio-2.0.so.0 + 0x7aeb5)
                #8  0x00007f88c6d2de3d g_idle_dispatch (libglib-2.0.so.0 + 0x46e3d)
                #9  0x00007f88c6d27880 g_main_context_dispatch_unlocked.lto_priv.0 (libglib-2.0.so.0 + 0x40880)
                #10 0x00007f88c6d307c8 g_main_context_iterate_unlocked.isra.0 (libglib-2.0.so.0 + 0x497c8)
                #11 0x00007f88c6d30a6f g_main_loop_run (libglib-2.0.so.0 + 0x49a6f)
                #12 0x00007f88c702b272 gdbus_shared_thread_func.lto_priv.0 (libgio-2.0.so.0 + 0xe7272)
                #13 0x00007f88c6d5b4f2 g_thread_proxy (libglib-2.0.so.0 + 0x744f2)
                #14 0x00007f88c68991d4 start_thread (libc.so.6 + 0x711d4)
                #15 0x00007f88c691bcec __clone3 (libc.so.6 + 0xf3cec)
                
                Stack trace of thread 2788:
                #0  0x00007f88c6919a8d syscall (libc.so.6 + 0xf1a8d)
                #1  0x00007f88c6d525ab g_cond_wait (libglib-2.0.so.0 + 0x6b5ab)
                #2  0x00007f88c6cf0e2c g_async_queue_pop_intern_unlocked (libglib-2.0.so.0 + 0x9e2c)
                #3  0x00007f88c6d5b9a4 g_thread_pool_spawn_thread (libglib-2.0.so.0 + 0x749a4)
                #4  0x00007f88c6d5b4f2 g_thread_proxy (libglib-2.0.so.0 + 0x744f2)
                #5  0x00007f88c68991d4 start_thread (libc.so.6 + 0x711d4)
                #6  0x00007f88c691bcec __clone3 (libc.so.6 + 0xf3cec)
                
                Stack trace of thread 2790:
                #0  0x00007f88c68a16c2 __syscall_cancel_arch (libc.so.6 + 0x796c2)
                #1  0x00007f88c68959da __internal_syscall_cancel (libc.so.6 + 0x6d9da)
                #2  0x00007f88c6895a24 __syscall_cancel (libc.so.6 + 0x6da24)
                #3  0x00007f88c690f176 ppoll (libc.so.6 + 0xe7176)
                #4  0x00007f88c6d308b0 g_main_context_iterate_unlocked.isra.0 (libglib-2.0.so.0 + 0x498b0)
                #5  0x00007f88c6d30a6f g_main_loop_run (libglib-2.0.so.0 + 0x49a6f)
                #6  0x00007f88c7019214 g_dbus_connection_send_message_with_reply_sync (libgio-2.0.so.0 + 0xd5214)
                #7  0x00007f88c7029b9d g_dbus_connection_call_sync_internal (libgio-2.0.so.0 + 0xe5b9d)
                #8  0x00007f88c7029f66 g_dbus_connection_call_sync (libgio-2.0.so.0 + 0xe5f66)
                #9  0x00007f88c7019edd initable_init (libgio-2.0.so.0 + 0xd5edd)
                #10 0x00007f88c6f567b4 async_init_thread (libgio-2.0.so.0 + 0x127b4)
                #11 0x00007f88c6fc470c g_task_thread_pool_thread (libgio-2.0.so.0 + 0x8070c)
                #12 0x00007f88c6d5c6d2 g_thread_pool_thread_proxy (libglib-2.0.so.0 + 0x756d2)
                #13 0x00007f88c6d5b4f2 g_thread_proxy (libglib-2.0.so.0 + 0x744f2)
                #14 0x00007f88c68991d4 start_thread (libc.so.6 + 0x711d4)
                #15 0x00007f88c691bcec __clone3 (libc.so.6 + 0xf3cec)
                
                Stack trace of thread 2789:
                #0  0x00007f88c68a16c2 __syscall_cancel_arch (libc.so.6 + 0x796c2)
                #1  0x00007f88c68959da __internal_syscall_cancel (libc.so.6 + 0x6d9da)
                #2  0x00007f88c6895a24 __syscall_cancel (libc.so.6 + 0x6da24)
                #3  0x00007f88c690f176 ppoll (libc.so.6 + 0xe7176)
                #4  0x00007f88c6d308b0 g_main_context_iterate_unlocked.isra.0 (libglib-2.0.so.0 + 0x498b0)
                #5  0x00007f88c6d30973 g_main_context_iteration (libglib-2.0.so.0 + 0x49973)
                #6  0x00007f88c6d309c1 glib_worker_main (libglib-2.0.so.0 + 0x499c1)
                #7  0x00007f88c6d5b4f2 g_thread_proxy (libglib-2.0.so.0 + 0x744f2)
                #8  0x00007f88c68991d4 start_thread (libc.so.6 + 0x711d4)
                #9  0x00007f88c691bcec __clone3 (libc.so.6 + 0xf3cec)
                ELF object binary architecture: AMD x86-64
```

EDIT: It might in fact be related to https://github.com/dunst-project/dunst/pull/1466 , which is not included in the latest release yet I believe

**Comment by bynect** [comment]
> I'm not sure it's related, but I'm also having some core-dump logs that don't prevent dunst from running normally later:
> 
> ```
>            PID: 2756 (dunst)
>            UID: 1000 (bonswouar)
>            GID: 1000 (bonswouar)
>         Signal: 5 (TRAP)
>      Timestamp: Mon 2025-07-14 13:56:28 CEST (1h 40min ago)
>   Command Line: /usr/bin/dunst
>     Executable: /usr/bin/dunst
>  Control Group: /user.slice/user-1000.slice/user@1000.service/session.slice/dunst.service
>           Unit: user@1000.service
>      User Unit: dunst.service
>          Slice: user-1000.slice
>      Owner UID: 1000 (bonswouar)
>        Boot ID: 4aab1762e8fa4ebca90ef32ccef620f6
>     Machine ID: 39436405b4d24c23886d4b941e84a11f
>       Hostname: fedora
>        Storage: /var/lib/systemd/coredump/core.dunst.1000.4aab1762e8fa4ebca90ef32ccef620f6.2756.17524941880>
>   Size on Disk: 258.8K
>        Package: dunst/1.12.2-1.fc42
>       build-id: a630fa9783cd97879c6787c0becb98a22fcba927
>        Message: Process 2756 (dunst) of user 1000 dumped core.
>                 
>                 Module /usr/bin/dunst from rpm dunst-1.12.2-1.fc42.x86_64
>                 Module libbrotlicommon.so.1 from rpm brotli-1.1.0-6.fc42.x86_64
>                 Module liblzma.so.5 from rpm xz-5.8.1-2.fc42.x86_64
>                 Module libXau.so.6 from rpm libXau-1.0.12-2.fc42.x86_64
>                 Module libbrotlidec.so.1 from rpm brotli-1.1.0-6.fc42.x86_64
>                 Module libbz2.so.1 from rpm bzip2-1.0.8-20.fc42.x86_64
>                 Module libdatrie.so.1 from rpm libdatrie-0.2.13-11.fc42.x86_64
>                 Module libxml2.so.2 from rpm libxml2-2.12.10-1.fc42.x86_64
>                 Module libgraphite2.so.3 from rpm graphite2-1.3.14-18.fc42.x86_64
>                 Module libblkid.so.1 from rpm util-linux-2.40.4-7.fc42.x86_64
>                 Module libpixman-1.so.0 from rpm pixman-0.46.2-1.fc42.x86_64
>                 Module libxcb-shm.so.0 from rpm libxcb-1.17.0-5.fc42.x86_64
>                 Module libxcb-render.so.0 from rpm libxcb-1.17.0-5.fc42.x86_64
>                 Module libxcb.so.1 from rpm libxcb-1.17.0-5.fc42.x86_64
>                 Module libXrender.so.1 from rpm libXrender-0.9.12-2.fc42.x86_64
>                 Module libfreetype.so.6 from rpm freetype-2.13.3-2.fc42.x86_64
>                 Module libpcre2-8.so.0 from rpm pcre2-10.45-1.fc42.x86_64
>                 Module libffi.so.8 from rpm libffi-3.4.6-5.fc42.x86_64
>                 Module libthai.so.0 from rpm libthai-0.1.29-10.fc42.x86_64
>                 Module libfribidi.so.0 from rpm fribidi-1.0.16-2.fc42.x86_64
>                 Module libfontconfig.so.1 from rpm fontconfig-2.16.0-2.fc42.x86_64
>                 Module libharfbuzz.so.0 from rpm harfbuzz-10.4.0-1.fc42.x86_64
>                 Module libpangoft2-1.0.so.0 from rpm pango-1.56.4-1.fc42.x86_64
>                 Module libjpeg.so.62 from rpm libjpeg-turbo-3.1.0-2.fc42.x86_64
>                 Module libpng16.so.16 from rpm libpng-1.6.44-2.fc42.x86_64
>                 Module libselinux.so.1 from rpm libselinux-3.8-2.fc42.x86_64
>                 Module libmount.so.1 from rpm util-linux-2.40.4-7.fc42.x86_64
>                 Module libz.so.1 from rpm zlib-ng-2.2.4-3.fc42.x86_64
>                 Module libgmodule-2.0.so.0 from rpm glib2-2.84.3-1.fc42.x86_64
>                 Module libXss.so.1 from rpm libXScrnSaver-1.2.4-5.fc42.x86_64
>                 Module libXrandr.so.2 from rpm libXrandr-1.5.4-5.fc42.x86_64
>                 Module libXext.so.6 from rpm libXext-1.3.6-3.fc42.x86_64
> 
>                 Module libXinerama.so.1 from rpm libXinerama-1.1.5-8.fc42.x86_64
>                 Module libX11.so.6 from rpm libX11-1.8.11-1.fc42.x86_64
>                 Module libwayland-cursor.so.0 from rpm wayland-1.23.1-1.fc42.x86_64
>                 Module libwayland-client.so.0 from rpm wayland-1.23.1-1.fc42.x86_64
>                 Module libcairo.so.2 from rpm cairo-1.18.2-3.fc42.x86_64
>                 Module libglib-2.0.so.0 from rpm glib2-2.84.3-1.fc42.x86_64
>                 Module libgobject-2.0.so.0 from rpm glib2-2.84.3-1.fc42.x86_64
>                 Module libpango-1.0.so.0 from rpm pango-1.56.4-1.fc42.x86_64
>                 Module libpangocairo-1.0.so.0 from rpm pango-1.56.4-1.fc42.x86_64
>                 Module libgdk_pixbuf-2.0.so.0 from rpm gdk-pixbuf2-2.42.12-10.fc42.x86_64
>                 Module libgio-2.0.so.0 from rpm glib2-2.84.3-1.fc42.x86_64
>                 Stack trace of thread 2756:
>                 #0  0x00007f88c6d2d588 g_logv (libglib-2.0.so.0 + 0x46588)
>                 #1  0x00007f88c6d2d833 g_log (libglib-2.0.so.0 + 0x46833)
>                 #2  0x00005585aca1ccd9 draw_setup (/usr/bin/dunst + 0xbcd9)
>                 #3  0x00005585aca14835 main (/usr/bin/dunst + 0x3835)
>                 #4  0x00007f88c682b5f5 __libc_start_call_main (libc.so.6 + 0x35f5)
>                 #5  0x00007f88c682b6a8 __libc_start_main@@GLIBC_2.34 (libc.so.6 + 0x36a8)
>                 #3  0x00007f88c7024a9b parse_value_from_blob.isra.0 (libgio-2.0.so.0 + 0xe0a9b)
>                 #4  0x00007f88c70274bd g_dbus_message_new_from_blob (libgio-2.0.so.0 + 0xe34bd)
>                 #5  0x00007f88c70353ea _g_dbus_worker_do_read_cb (libgio-2.0.so.0 + 0xf13ea)
>                 #6  0x00007f88c6fbee7c g_task_return_now (libgio-2.0.so.0 + 0x7ae7c)
>                 #7  0x00007f88c6fbeeb5 complete_in_idle_cb (libgio-2.0.so.0 + 0x7aeb5)
>                 #8  0x00007f88c6d2de3d g_idle_dispatch (libglib-2.0.so.0 + 0x46e3d)
>                 #9  0x00007f88c6d27880 g_main_context_dispatch_unlocked.lto_priv.0 (libglib-2.0.so.0 + 0x40880)
>                 #10 0x00007f88c6d307c8 g_main_context_iterate_unlocked.isra.0 (libglib-2.0.so.0 + 0x497c8)
>                 #11 0x00007f88c6d30a6f g_main_loop_run (libglib-2.0.so.0 + 0x49a6f)
>                 #12 0x00007f88c702b272 gdbus_shared_thread_func.lto_priv.0 (libgio-2.0.so.0 + 0xe7272)
>                 #13 0x00007f88c6d5b4f2 g_thread_proxy (libglib-2.0.so.0 + 0x744f2)
>                 #14 0x00007f88c68991d4 start_thread (libc.so.6 + 0x711d4)
>                 #15 0x00007f88c691bcec __clone3 (libc.so.6 + 0xf3cec)
>                 
>                 Stack trace of thread 2788:
>                 #0  0x00007f88c6919a8d syscall (libc.so.6 + 0xf1a8d)
>                 #1  0x00007f88c6d525ab g_cond_wait (libglib-2.0.so.0 + 0x6b5ab)
>                 #2  0x00007f88c6cf0e2c g_async_queue_pop_intern_unlocked (libglib-2.0.so.0 + 0x9e2c)
>                 #3  0x00007f88c6d5b9a4 g_thread_pool_spawn_thread (libglib-2.0.so.0 + 0x749a4)
>                 #4  0x00007f88c6d5b4f2 g_thread_proxy (libglib-2.0.so.0 + 0x744f2)
>                 #5  0x00007f88c68991d4 start_thread (libc.so.6 + 0x711d4)
>                 #6  0x00007f88c691bcec __clone3 (libc.so.6 + 0xf3cec)
>                 
>                 Stack trace of thread 2790:
>                 #0  0x00007f88c68a16c2 __syscall_cancel_arch (libc.so.6 + 0x796c2)
>                 #1  0x00007f88c68959da __internal_syscall_cancel (libc.so.6 + 0x6d9da)
>                 #2  0x00007f88c6895a24 __syscall_cancel (libc.so.6 + 0x6da24)
>                 #3  0x00007f88c690f176 ppoll (libc.so.6 + 0xe7176)
>                 #4  0x00007f88c6d308b0 g_main_context_iterate_unlocked.isra.0 (libglib-2.0.so.0 + 0x498b0)
>                 #5  0x00007f88c6d30a6f g_main_loop_run (libglib-2.0.so.0 + 0x49a6f)
>                 #6  0x00007f88c7019214 g_dbus_connection_send_message_with_reply_sync (libgio-2.0.so.0 + 0xd5214)
>                 #7  0x00007f88c7029b9d g_dbus_connection_call_sync_internal (libgio-2.0.so.0 + 0xe5b9d)
>                 #8  0x00007f88c7029f66 g_dbus_connection_call_sync (libgio-2.0.so.0 + 0xe5f66)
>                 #9  0x00007f88c7019edd initable_init (libgio-2.0.so.0 + 0xd5edd)
>                 #10 0x00007f88c6f567b4 async_init_thread (libgio-2.0.so.0 + 0x127b4)
>                 #11 0x00007f88c6fc470c g_task_thread_pool_thread (libgio-2.0.so.0 + 0x8070c)
>                 #12 0x00007f88c6d5c6d2 g_thread_pool_thread_proxy (libglib-2.0.so.0 + 0x756d2)
>                 #13 0x00007f88c6d5b4f2 g_thread_proxy (libglib-2.0.so.0 + 0x744f2)
>                 #14 0x00007f88c68991d4 start_thread (libc.so.6 + 0x711d4)
>                 #15 0x00007f88c691bcec __clone3 (libc.so.6 + 0xf3cec)
>                 
>                 Stack trace of thread 2789:
>                 #0  0x00007f88c68a16c2 __syscall_cancel_arch (libc.so.6 + 0x796c2)
>                 #1  0x00007f88c68959da __internal_syscall_cancel (libc.so.6 + 0x6d9da)
>                 #2  0x00007f88c6895a24 __syscall_cancel (libc.so.6 + 0x6da24)
>                 #3  0x00007f88c690f176 ppoll (libc.so.6 + 0xe7176)
>                 #4  0x00007f88c6d308b0 g_main_context_iterate_unlocked.isra.0 (libglib-2.0.so.0 + 0x498b0)
>                 #5  0x00007f88c6d30973 g_main_context_iteration (libglib-2.0.so.0 + 0x49973)
>                 #6  0x00007f88c6d309c1 glib_worker_main (libglib-2.0.so.0 + 0x499c1)
>                 #7  0x00007f88c6d5b4f2 g_thread_proxy (libglib-2.0.so.0 + 0x744f2)
>                 #8  0x00007f88c68991d4 start_thread (libc.so.6 + 0x711d4)
>                 #9  0x00007f88c691bcec __clone3 (libc.so.6 + 0xf3cec)
>                 ELF object binary architecture: AMD x86-64
> ```
> 
> EDIT: It might in fact be related to [#1466](https://github.com/dunst-project/dunst/pull/1466) , which is not included in the latest release yet I believe

just in case could you upload the logs of when this happens?

**Comment by bonswouar** [comment]
If they're all in journalctl, here is the logs I've found:
```
Jul 14 13:56:27 fedora systemd[1801]: Starting dunst.service - Dunst notification daemon...
Jul 14 13:56:27 fedora dunst[2254]: WARNING: Cannot open X11 display.
Jul 14 13:56:27 fedora dunst[2254]: ERROR: [  get_x11_output:0070] Couldn't initialize X11 output. Aborting...
```
Then core dump, and repeated 5 times during boot apparently

EDIT: And I'm also on wayland (sway)

**Comment by bynect** [comment]
okay this is the problem of https://github.com/dunst-project/dunst/pull/1466 👍🏻

**Comment by bynect** [comment]
@raj-magesh could you try if this happens with the latest version?

**Comment by raj-magesh** [comment]
It still happens and it seems it's tied to the X11 libraries that dunst is built with. When I compile dunst without them, I don't see the errors anymore.

**Comment by fedang** [comment]
Maybe the problem is that when dunst is compiled witb x11 support and it does not find wayland it will try x11 and then die if it is not available either? So you are seeing that message because neither wayland or x11 are available at that time of the boot? My guess is that systemd is starting dunst before the display is properly up

**Comment by raj-magesh** [comment]
> because neither wayland or x11 are available at that time of the boot?

dunst errors out frequently during use within my Wayland session though. I do receive notifications but see these core dumps in my logs, so the problem occurs even when a Wayland compositor is active.

**Comment by fedang** [comment]
Mmm then there could be other errors into play. If you find out specific behavior please do open a issue for each

**Comment by raj-magesh** [comment]
Actually still happens despite compiling without X11 enabled.

> Maybe the problem is that when dunst is compiled witb x11 support and it does not find wayland it will try x11 and then die if it is not available either? So you are seeing that message because neither wayland or x11 are available at that time of the boot? My guess is that systemd is starting dunst before the display is properly up

I think you might be right, perhaps this happens when I turn on my monitor or when my computer wakes from sleep.

Log here, if anyone is interested.

```
           PID: 5116 (.dunst-wrapped)
           UID: 1000 (raj)
           GID: 100 (users)
        Signal: 11 (SEGV)
     Timestamp: Wed 2025-12-03 00:58:03 EST (20h ago)
  Command Line: /nix/store/kkzpyvbw8jkdxvk25gshklcvjs9fxb8f-dunst-1.13.0/bin/dunst
    Executable: /nix/store/kkzpyvbw8jkdxvk25gshklcvjs9fxb8f-dunst-1.13.0/bin/.dunst-wrapped
 Control Group: /user.slice/user-1000.slice/user@1000.service/app.slice/dunst.service
          Unit: user@1000.service
     User Unit: dunst.service
         Slice: user-1000.slice
     Owner UID: 1000 (raj)
       Boot ID: 9d97ed35ea84496081667f349db7c9f5
    Machine ID: a16a9f529ed347b393ee46282acae59d
      Hostname: desktop
       Storage: /var/lib/systemd/coredump/core.\x2edunst-wrapped.1000.9d97ed35ea84496081667f349db7c9f5.5116.1764741483000000.zst (present)
  Size on Disk: 558.1K
       Message: Process 5116 (.dunst-wrapped) of user 1000 dumped core.

                Module /nix/store/kkzpyvbw8jkdxvk25gshklcvjs9fxb8f-dunst-1.13.0/bin/.dunst-wrapped without build-id.
                Module libbrotlicommon.so.1 without build-id.
                Module libXdmcp.so.6 without build-id.
                Module libXau.so.6 without build-id.
                Module libdatrie.so.1 without build-id.
                Module libexpat.so.1 without build-id.
                Module libbrotlidec.so.1 without build-id.
                Module libbz2.so.1 without build-id.
                Module libxcb-shm.so.0 without build-id.
                Module libxcb-render.so.0 without build-id.
                Module libxcb.so.1 without build-id.
                Module libXrender.so.1 without build-id.
                Module libXext.so.6 without build-id.
                Module libX11.so.6 without build-id.
                Module libgraphite2.so.3 without build-id.
                Module libfreetype.so.6 without build-id.
                Module libpcre2-8.so.0 without build-id.
                Module libffi.so.8 without build-id.
                Module libthai.so.0 without build-id.
                Module libfribidi.so.0 without build-id.
                Module libfontconfig.so.1 without build-id.
                Module libpangoft2-1.0.so.0 without build-id.
                Module libjpeg.so.62 without build-id.
                Module libpng16.so.16 without build-id.
                Module libselinux.so.1 without build-id.
                Module libz.so.1 without build-id.
                Module libharfbuzz.so.0 without build-id.
                Module libpango-1.0.so.0 without build-id.
                Module libpangocairo-1.0.so.0 without build-id.
                Stack trace of thread 5116:
                #0  0x00007f32bb24d740 wl_proxy_get_user_data (libwayland-client.so.0 + 0x8740)
                #1  0x00005640adb25558 toplevel_handle_output_leave (/nix/store/kkzpyvbw8jkdxvk25gshklcvjs9fxb8f-dunst-1.13.0/bin/.dunst-wrapped + 0x20558)
                #2  0x00007f32ba69f052 ffi_call_unix64 (libffi.so.8 + 0xa052)
                #3  0x00007f32ba69d60d ffi_call_int (libffi.so.8 + 0x860d)
                #4  0x00007f32ba69e5ae ffi_call (libffi.so.8 + 0x95ae)
                #5  0x00007f32bb25083f wl_closure_invoke (libwayland-client.so.0 + 0xb83f)
                #6  0x00007f32bb24c091 dispatch_event (libwayland-client.so.0 + 0x7091)
                #7  0x00007f32bb24d273 wl_display_dispatch_queue_pending (libwayland-client.so.0 + 0x8273)
                #8  0x00005640adb256bd _g_water_wayland_source_dispatch (/nix/store/kkzpyvbw8jkdxvk25gshklcvjs9fxb8f-dunst-1.13.0/bin/.dunst-wrapped + 0x206bd)
                #9  0x00007f32bae289ed g_main_context_dispatch_unlocked (libglib-2.0.so.0 + 0x629ed)
                #10 0x00007f32bae2be78 g_main_context_iterate_unlocked.isra.0 (libglib-2.0.so.0 + 0x65e78)
                #11 0x00007f32bae2c967 g_main_loop_run (libglib-2.0.so.0 + 0x66967)
                #12 0x00005640adb1b13f dunst_main (/nix/store/kkzpyvbw8jkdxvk25gshklcvjs9fxb8f-dunst-1.13.0/bin/.dunst-wrapped + 0x1613f)
                #13 0x00007f32ba82a4d8 __libc_start_call_main (libc.so.6 + 0x2a4d8)
                #14 0x00007f32ba82a59b __libc_start_main@@GLIBC_2.34 (libc.so.6 + 0x2a59b)
                #15 0x00005640adb15375 _start (/nix/store/kkzpyvbw8jkdxvk25gshklcvjs9fxb8f-dunst-1.13.0/bin/.dunst-wrapped + 0x10375)

                Stack trace of thread 5129:
                #0  0x00007f32ba914a10 ppoll (libc.so.6 + 0x114a10)
                #1  0x00007f32bae2bf68 g_main_context_iterate_unlocked.isra.0 (libglib-2.0.so.0 + 0x65f68)
                #2  0x00007f32bae2c967 g_main_loop_run (libglib-2.0.so.0 + 0x66967)
                #3  0x00007f32bb14180e gdbus_shared_thread_func (libgio-2.0.so.0 + 0x14180e)
                #4  0x00007f32bae5f89d g_thread_proxy (libglib-2.0.so.0 + 0x9989d)
                #5  0x00007f32ba89a97a start_thread (libc.so.6 + 0x9a97a)
                #6  0x00007f32ba922d2c __clone3 (libc.so.6 + 0x122d2c)

                Stack trace of thread 5126:
                #0  0x00007f32ba9208bd syscall (libc.so.6 + 0x1208bd)
                #1  0x00007f32bae5f129 g_cond_wait (libglib-2.0.so.0 + 0x99129)
                #2  0x00007f32badefcab g_async_queue_pop_intern_unlocked (libglib-2.0.so.0 + 0x29cab)
                #3  0x00007f32bae5fb8f g_thread_pool_spawn_thread (libglib-2.0.so.0 + 0x99b8f)
                #4  0x00007f32bae5f89d g_thread_proxy (libglib-2.0.so.0 + 0x9989d)
                #5  0x00007f32ba89a97a start_thread (libc.so.6 + 0x9a97a)
                #6  0x00007f32ba922d2c __clone3 (libc.so.6 + 0x122d2c)

                Stack trace of thread 5127:
                #0  0x00007f32ba914a10 ppoll (libc.so.6 + 0x114a10)
                #1  0x00007f32bae2bf68 g_main_context_iterate_unlocked.isra.0 (libglib-2.0.so.0 + 0x65f68)
                #2  0x00007f32bae2c70f g_main_context_iteration (libglib-2.0.so.0 + 0x6670f)
                #3  0x00007f32bae2c761 glib_worker_main (libglib-2.0.so.0 + 0x66761)
                #4  0x00007f32bae5f89d g_thread_proxy (libglib-2.0.so.0 + 0x9989d)
                #5  0x00007f32ba89a97a start_thread (libc.so.6 + 0x9a97a)
                #6  0x00007f32ba922d2c __clone3 (libc.so.6 + 0x122d2c)

                Stack trace of thread 5131:
                #0  0x00007f32ba9208bd syscall (libc.so.6 + 0x1208bd)
                #1  0x00007f32bae5f129 g_cond_wait (libglib-2.0.so.0 + 0x99129)
                #2  0x00007f32badefcab g_async_queue_pop_intern_unlocked (libglib-2.0.so.0 + 0x29cab)
                #3  0x00007f32badf01a8 g_async_queue_pop (libglib-2.0.so.0 + 0x2a1a8)
                #4  0x00007f32ba725935 fc_thread_func (libpangoft2-1.0.so.0 + 0xe935)
                #5  0x00007f32bae5f89d g_thread_proxy (libglib-2.0.so.0 + 0x9989d)
                #6  0x00007f32ba89a97a start_thread (libc.so.6 + 0x9a97a)
                #7  0x00007f32ba922d2c __clone3 (libc.so.6 + 0x122d2c)
                ELF object binary architecture: AMD x86-64
```

**Comment by diogotcorreia** [comment]
I appear to have this exact same issue. It happens when I **unplug** a monitor (plugging in a monitor is fine). I'm using Niri (wayland) as my WM.

Here is the coredump:
```
Feb 03 14:17:48 bacchus systemd-coredump[867056]: [🡕] Process 866976 (.dunst-wrapped) of user 1000 dumped core.

                                                  Module /nix/store/rlhxgs0zdka7i6q9cfinxvgyhpk70srq-dunst-1.13.1/bin/.dunst-wrapped without build-id.
                                                  Module libbrotlicommon.so.1 without build-id.
                                                  Module libXdmcp.so.6 without build-id.
                                                  Module libXau.so.6 without build-id.
                                                  Module libdatrie.so.1 without build-id.
                                                  Module libexpat.so.1 without build-id.
                                                  Module libbrotlidec.so.1 without build-id.
                                                  Module libbz2.so.1 without build-id.
                                                  Module libxcb-shm.so.0 without build-id.
                                                  Module libxcb-render.so.0 without build-id.
                                                  Module libxcb.so.1 without build-id.
                                                  Module libXrender.so.1 without build-id.
                                                  Module libgraphite2.so.3 without build-id.
                                                  Module libfreetype.so.6 without build-id.
                                                  Module libpcre2-8.so.0 without build-id.
                                                  Module libffi.so.8 without build-id.
                                                  Module libthai.so.0 without build-id.
                                                  Module libfribidi.so.0 without build-id.
                                                  Module libfontconfig.so.1 without build-id.
                                                  Module libpangoft2-1.0.so.0 without build-id.
                                                  Module libjpeg.so.62 without build-id.
                                                  Module libpng16.so.16 without build-id.
                                                  Module libselinux.so.1 without build-id.
                                                  Module libz.so.1 without build-id.
                                                  Module libXss.so.1 without build-id.
                                                  Module libXrandr.so.2 without build-id.
                                                  Module libXext.so.6 without build-id.
                                                  Module libXinerama.so.1 without build-id.
                                                  Module libX11.so.6 without build-id.
                                                  Module libharfbuzz.so.0 without build-id.
                                                  Module libpango-1.0.so.0 without build-id.
                                                  Module libpangocairo-1.0.so.0 without build-id.
                                                  Stack trace of thread 866976:
                                                  #0  0x00007fd00fff97d0 wl_proxy_get_user_data (libwayland-client.so.0 + 0x87d0)
                                                  #1  0x000055c7f660a9ac toplevel_handle_output_leave (/nix/store/rlhxgs0zdka7i6q9cfinxvgyhpk70srq-dunst-1.13.1/bin/.dunst-wrapped + 0x229ac)
                                                  #2  0x00007fd00f9d2052 ffi_call_unix64 (libffi.so.8 + 0xa052)
                                                  #3  0x00007fd00f9d075c ffi_call_int (libffi.so.8 + 0x875c)
                                                  #4  0x00007fd00f9d12ae ffi_call (libffi.so.8 + 0x92ae)
                                                  #5  0x00007fd00fffc88c wl_closure_invoke (libwayland-client.so.0 + 0xb88c)
                                                  #6  0x00007fd00fff80b4 dispatch_event (libwayland-client.so.0 + 0x70b4)
                                                  #7  0x00007fd00fff92fb wl_display_dispatch_queue_pending (libwayland-client.so.0 + 0x82fb)
                                                  #8  0x000055c7f660ab11 _g_water_wayland_source_dispatch (/nix/store/rlhxgs0zdka7i6q9cfinxvgyhpk70srq-dunst-1.13.1/bin/.dunst-wrapped + 0x22b11)
                                                  #9  0x00007fd01032abab g_main_context_dispatch_unlocked (libglib-2.0.so.0 + 0x62bab)
                                                  #10 0x00007fd01032e188 g_main_context_iterate_unlocked.isra.0 (libglib-2.0.so.0 + 0x66188)
                                                  #11 0x00007fd01032ec87 g_main_loop_run (libglib-2.0.so.0 + 0x66c87)
                                                  #12 0x000055c7f66005d9 dunst_main (/nix/store/rlhxgs0zdka7i6q9cfinxvgyhpk70srq-dunst-1.13.1/bin/.dunst-wrapped + 0x185d9)
                                                  #13 0x00007fd00fc89285 __libc_start_call_main (libc.so.6 + 0x2b285)
                                                  #14 0x00007fd00fc89338 __libc_start_main@@GLIBC_2.34 (libc.so.6 + 0x2b338)
                                                  #15 0x000055c7f65fa825 _start (/nix/store/rlhxgs0zdka7i6q9cfinxvgyhpk70srq-dunst-1.13.1/bin/.dunst-wrapped + 0x12825)

                                                  Stack trace of thread 866978:
                                                  #0  0x00007fd00fd811cd syscall (libc.so.6 + 0x1231cd)
                                                  #1  0x00007fd010361e37 g_cond_wait (libglib-2.0.so.0 + 0x99e37)
                                                  #2  0x00007fd0102f20ac g_async_queue_pop_intern_unlocked (libglib-2.0.so.0 + 0x2a0ac)
                                                  #3  0x00007fd0103628c4 g_thread_pool_spawn_thread (libglib-2.0.so.0 + 0x9a8c4)
                                                  #4  0x00007fd01036260e g_thread_proxy (libglib-2.0.so.0 + 0x9a60e)
                                                  #5  0x00007fd00fcfbd53 start_thread (libc.so.6 + 0x9dd53)
                                                  #6  0x00007fd00fd835fc __clone3 (libc.so.6 + 0x1255fc)

                                                  Stack trace of thread 866979:
                                                  #0  0x00007fd00fd04922 __syscall_cancel_arch (libc.so.6 + 0xa6922)
                                                  #1  0x00007fd00fcf800c __internal_syscall_cancel (libc.so.6 + 0x9a00c)
                                                  #2  0x00007fd00fcf8084 __syscall_cancel (libc.so.6 + 0x9a084)
                                                  #3  0x00007fd00fd75cf6 ppoll (libc.so.6 + 0x117cf6)
                                                  #4  0x00007fd01032e278 g_main_context_iterate_unlocked.isra.0 (libglib-2.0.so.0 + 0x66278)
                                                  #5  0x00007fd01032ea2f g_main_context_iteration (libglib-2.0.so.0 + 0x66a2f)
                                                  #6  0x00007fd01032ea81 glib_worker_main (libglib-2.0.so.0 + 0x66a81)
                                                  #7  0x00007fd01036260e g_thread_proxy (libglib-2.0.so.0 + 0x9a60e)
                                                  #8  0x00007fd00fcfbd53 start_thread (libc.so.6 + 0x9dd53)
                                                  #9  0x00007fd00fd835fc __clone3 (libc.so.6 + 0x1255fc)

                                                  Stack trace of thread 866981:
                                                  #0  0x00007fd00fd04922 __syscall_cancel_arch (libc.so.6 + 0xa6922)
                                                  #1  0x00007fd00fcf800c __internal_syscall_cancel (libc.so.6 + 0x9a00c)
                                                  #2  0x00007fd00fcf8084 __syscall_cancel (libc.so.6 + 0x9a084)
                                                  #3  0x00007fd00fd75cf6 ppoll (libc.so.6 + 0x117cf6)
                                                  #4  0x00007fd01032e278 g_main_context_iterate_unlocked.isra.0 (libglib-2.0.so.0 + 0x66278)
                                                  #5  0x00007fd01032ec87 g_main_loop_run (libglib-2.0.so.0 + 0x66c87)
                                                  #6  0x00007fd010683fce gdbus_shared_thread_func (libgio-2.0.so.0 + 0x141fce)
                                                  #7  0x00007fd01036260e g_thread_proxy (libglib-2.0.so.0 + 0x9a60e)
                                                  #8  0x00007fd00fcfbd53 start_thread (libc.so.6 + 0x9dd53)
                                                  #9  0x00007fd00fd835fc __clone3 (libc.so.6 + 0x1255fc)

                                                  Stack trace of thread 866980:
                                                  #0  0x00007fd00fd811cd syscall (libc.so.6 + 0x1231cd)
                                                  #1  0x00007fd01036235b g_cond_wait_until (libglib-2.0.so.0 + 0x9a35b)
                                                  #2  0x00007fd0102f206d g_async_queue_pop_intern_unlocked (libglib-2.0.so.0 + 0x2a06d)
                                                  #3  0x00007fd0102f2739 g_async_queue_timeout_pop (libglib-2.0.so.0 + 0x2a739)
                                                  #4  0x00007fd010362c7f g_thread_pool_thread_proxy (libglib-2.0.so.0 + 0x9ac7f)
                                                  #5  0x00007fd01036260e g_thread_proxy (libglib-2.0.so.0 + 0x9a60e)
                                                  #6  0x00007fd00fcfbd53 start_thread (libc.so.6 + 0x9dd53)
                                                  #7  0x00007fd00fd835fc __clone3 (libc.so.6 + 0x1255fc)
                                                  ELF object binary architecture: AMD x86-64
```

(to slightly correct what has been said before, `.dunst-wrapped` is just the compiled dunst binary, because with nix the `dunst` in the path is a wrapper that sets env variables and calls `.dunst-wrapped`)

For me, this is problematic because it resets the `is-paused` toggle, which means that if I'm watching a movie on my monitor/tv and close the laptop lid, I start getting notifications on the monitor/tv, which is rather annoying.

I'm happy to aid with debugging, just let me know what you need.

---

Some system info:
```
❯ dunst -v
Dunst - A customizable and lightweight notification-daemon 1.13.1
Compiled on 1980-01-01 with the following options:
X11 support: enabled
Wayland support: enabled
SYSCONFDIR set to: /etc/xdg
Compiler flags: -g -std=gnu11 -pedantic -Wall -Wno-overlength-strings -Wno-expansion-to-defined -Os -MMD -MP
Linker flags: -lm -lrt -L/nix/store/5nbvsm40g4pdl8dyjil3zi426czf39qv-cairo-1.18.4/lib -L/nix/store/56n8all0668rxns0pcszrdz44cx7wsgn-libxext-1.3.6/lib -L/nix/store/0iwk3dvbzgdhd05zxys60n0ba413kcxn-libx11-1.8.12/lib -L/nix/store/fgzpllmvbk3l258j0f3ib7k44lksbqnp-glib-2.86.3/lib -L/nix/store/izs6bs8fflbyg7djv7p1c753jyinxvx3-gdk-pixbuf-2.44.4/lib -L/nix/store/pv79l02aklsd6sjh9wxrs9ip3k0a5rln-pango-1.57.0/lib -L/nix/store/vcxhs9a9ywm72vcxci2rfjgrmqw32mdl-harfbuzz-12.3.0/lib -L/nix/store/x06gn1rsbczks46mi2v1w0pyv574dx0v-libxscrnsaver-1.2.5/lib -L/nix/store/dyvkanh9lqlxa6zr94w8z91yp5lsas2k-libxinerama-1.1.5/lib -L/nix/store/64c50fvn61nfnz21gjh81qq216nacbgr-libxrandr-1.5.4/lib -L/nix/store/v252clrvl9pxhq7f7iway7m9r3i1z0vq-wayland-1.24.0/lib -lgio-2.0 -lgdk_pixbuf-2.0 -lpangocairo-1.0 -lpango-1.0 -lgobject-2.0 -lglib-2.0 -lharfbuzz -lcairo -lwayland-client -lm -lwayland-cursor -lX11 -lXinerama -lXext -lXrandr -lXss

❯ uname -a
Linux bacchus 6.12.65 #1-NixOS SMP PREEMPT_DYNAMIC Sun Jan 11 14:25:22 UTC 2026 x86_64 GNU/Linux

❯ niri --version
niri 25.11 (Nixpkgs)
```

**Comment by fedang** [comment]
I will try to investigate. It would be really helpful if you sent the core dump so I can inspect it. Please remove confidential information if you send it publicly

**Comment by diogotcorreia** [comment]
@fedang Just sent you an email with a link to download the coredump.
There's hopefully no personal info there as I restarted the daemon right before unplugging the monitor, but as I was not sure I decided to share it privately.

Let me know if you need any more info.

Thank you for your efforts!

**Comment by fedang** [comment]
The crash is caused by `toplevel_handle_output_leave` receiving a NULL wl_output argument.
I am not sure why this is the case as the protocol does not say that it can be null.
For now I will add a null check and let's see if it resolves.

<details>

```
warning: Expected absolute pathname for libpthread in the inferior, but got ./nix/store/wb6rhpznjfczwlwx23zmdrrw74bayxw4-glibc-2.42-47/lib/libc.so.6.
warning: Unable to find libthread_db matching inferior's thread library, thread debugging will not be available.
Core was generated by `/nix/store/ysgr4k6cgxczmrc05jfcwz595fcj14np-dunst-1.13.1/bin/.dunst-wrapped'.
Program terminated with signal SIGSEGV, Segmentation fault.
#0  0x00007f5bcd8397d0 in wl_proxy_get_user_data () from ./nix/store/v252clrvl9pxhq7f7iway7m9r3i1z0vq-wayland-1.24.0/lib/libwayland-client.so.0
[Current thread is 1 (LWP 926449)]
LEGEND: STACK | HEAP | CODE | DATA | WX | RODATA
──────────────────────────────────────────────────────────────────────────────[ REGISTERS / show-flags off / show-compact-regs off ]───────────────────────────────────────────────────────────────────────────────
 RAX  0
 RBX  0x7ffe1281e558 —▸ 0x7f5bcdbd355e (sysprof_collector_get+78) ◂— mov r13, rax
 RCX  0x558d00635d20 —▸ 0x7f5bcd842a40 (wl_display_interface) —▸ 0x7f5bcd83e593 ◂— 'wl_display'
 RDX  0
 RDI  0
 RSI  0x558d0063d110 —▸ 0x558cda12d1e0 (zwlr_foreign_toplevel_handle_v1_interface) —▸ 0x558cda125260 ◂— 'zwlr_foreign_toplevel_handle_v1'
 R8   0x73
 R9   0x69fe8c6759e21500
 R10  0
 R11  0x558cda117365 (toplevel_handle_output_leave) ◂— push rbp
 R12  0x558d0063b650 —▸ 0x558d0063c6a0 —▸ 0x558d0063c700 —▸ 0x558d0063cc00 —▸ 0x558d0063cc60 ◂— ...
 R13  0x7ffe1281e608 ◂— 0x69fe8c6759e21500
 R14  0x7ffe1281e520 ◂— 0x300000002
 R15  0
 RBP  0x7ffe1281e350 —▸ 0x7ffe1281e360 ◂— 0
 RSP  0x7ffe1281e328 —▸ 0x558cda11737d (toplevel_handle_output_leave+24) ◂— mov r13, rax
 RIP  0x7f5bcd8397d0 (wl_proxy_get_user_data) ◂— mov rax, qword ptr [rdi + 0x30]
───────────────────────────────────────────────────────────────────────────────────────[ DISASM / x86-64 / set emulate on ]────────────────────────────────────────────────────────────────────────────────────────
 ► 0x7f5bcd8397d0 <wl_proxy_get_user_data>      mov    rax, qword ptr [rdi + 0x30]     <Cannot dereference [48]>
   0x7f5bcd8397d4 <wl_proxy_get_user_data+4>    xor    edi, edi                        EDI => 0
   0x7f5bcd8397d6 <wl_proxy_get_user_data+6>    ret

   0x7f5bcd8397d7                               nop    word ptr [rax + rax]
   0x7f5bcd8397e0 <wl_proxy_get_version>        mov    eax, dword ptr [rdi + 0x40]
   0x7f5bcd8397e3 <wl_proxy_get_version+3>      xor    edi, edi                        EDI => 0
   0x7f5bcd8397e5 <wl_proxy_get_version+5>      ret

   0x7f5bcd8397e6                               nop    word ptr cs:[rax + rax]
   0x7f5bcd8397f0 <wl_proxy_get_id>             mov    eax, dword ptr [rdi + 0x10]
   0x7f5bcd8397f3 <wl_proxy_get_id+3>           xor    edi, edi                        EDI => 0
   0x7f5bcd8397f5 <wl_proxy_get_id+5>           ret
─────────────────────────────────────────────────────────────────────────────────────────────────────[ STACK ]─────────────────────────────────────────────────────────────────────────────────────────────────────
00:0000│ rsp 0x7ffe1281e328 —▸ 0x558cda11737d (toplevel_handle_output_leave+24) ◂— mov r13, rax
01:0008│-020 0x7ffe1281e330 —▸ 0x7ffe1281e350 —▸ 0x7ffe1281e360 ◂— 0
02:0010│-018 0x7ffe1281e338 —▸ 0x7ffe1281e558 —▸ 0x7f5bcdbd355e (sysprof_collector_get+78) ◂— mov r13, rax
03:0018│-010 0x7ffe1281e340 —▸ 0x7ffe1281e360 ◂— 0
04:0020│-008 0x7ffe1281e348 —▸ 0x7ffe1281e608 ◂— 0x69fe8c6759e21500
05:0028│ rbp 0x7ffe1281e350 —▸ 0x7ffe1281e360 ◂— 0
06:0030│+008 0x7ffe1281e358 —▸ 0x7f5bcd212052 (ffi_call_unix64+82) ◂— lea rsp, [rbp + 0x18]
07:0038│+010 0x7ffe1281e360 ◂— 0
───────────────────────────────────────────────────────────────────────────────────────────────────[ BACKTRACE ]───────────────────────────────────────────────────────────────────────────────────────────────────
 ► 0   0x7f5bcd8397d0 wl_proxy_get_user_data
   1   0x558cda11737d toplevel_handle_output_leave+24
   2   0x558cda11737d toplevel_handle_output_leave+24
   3   0x7f5bcd212052 ffi_call_unix64+82
   4   0x7f5bcd21075c ffi_call_int+460
   5   0x7f5bcd2112ae ffi_call+318
   6   0x7f5bcd83c88c wl_closure_invoke+444
   7   0x7f5bcd8380b4 dispatch_event+388
───────────────────────────────────────────────────────────────────────────────────────────────[ THREADS (5 TOTAL) ]───────────────────────────────────────────────────────────────────────────────────────────────
  ► 1   "" stopped: 0x7f5bcd8397d0 <wl_proxy_get_user_data>
    2   "" stopped: 0x7f5bcd5c11cd <syscall+29>
    3   "" stopped: 0x7f5bcd544922 <__syscall_cancel_arch+50>
    4   "" stopped: 0x7f5bcd544922 <__syscall_cancel_arch+50>
Not showing 1 thread(s). Use set context-max-threads <number of threads> to change this.
───────────────────────────────────────────────────────────────────────────────────────────────────────────────────────────────────────────────────────────────────────────────────────────────────────────────────
```

</details>

**Comment by diogotcorreia** [comment]
@fedang Thanks, it seems to have [fixed the issue](https://github.com/dunst-project/dunst/commit/140ba4ff74c55f2e31419b720b989f5fa133914f). Could this be an issue in Niri or somewhere else upstream? 🤔 

I searched on Niri's issue tracker and couldn't find anything, but found that dunst supports the `WAYLAND_DEBUG=1` variable. The log could be helpful:

```
Feb 06 13:39:00 bacchus dunst[982156]: [ 316087.667] {Default Queue} zwlr_foreign_toplevel_handle_v1#4278190081.output_leave(nil)
Feb 06 13:39:00 bacchus dunst[982156]: [ 316087.679] {Default Queue} zwlr_foreign_toplevel_handle_v1#4278190081.output_enter(wl_output#12)
Feb 06 13:39:00 bacchus dunst[982156]: [ 316087.685] {Default Queue} zwlr_foreign_toplevel_handle_v1#4278190081.done()
Feb 06 13:39:00 bacchus dunst[982156]: [ 316087.691] {Default Queue} zwlr_foreign_toplevel_handle_v1#4278190086.output_leave(nil)
Feb 06 13:39:00 bacchus dunst[982156]: [ 316087.696] {Default Queue} zwlr_foreign_toplevel_handle_v1#4278190086.output_enter(wl_output#12)
Feb 06 13:39:00 bacchus dunst[982156]: [ 316087.700] {Default Queue} zwlr_foreign_toplevel_handle_v1#4278190086.done()
```

<details><summary>Full log</summary>

```
Feb 06 13:37:24 bacchus systemd[3168]: Starting Dunst notification daemon...
░░ Subject: A start job for unit UNIT has begun execution
░░ Defined-By: systemd
░░ Support: https://lists.freedesktop.org/mailman/listinfo/systemd-devel
░░ 
░░ A start job for unit UNIT has begun execution.
░░ 
░░ The job identifier is 7856.
Feb 06 13:37:25 bacchus dunst[982156]: WARNING: 'eDP-1': No digits found.
Feb 06 13:37:25 bacchus dunst[982156]: [ 220579.079] {Default Queue}  -> wl_display#1.get_registry(new id wl_registry#2)
Feb 06 13:37:25 bacchus dunst[982156]: [ 220579.094] {Default Queue}  -> wl_display#1.sync(new id wl_callback#3)
Feb 06 13:37:25 bacchus dunst[982156]: [ 220579.376] {Display Queue} wl_display#1.delete_id(3)
Feb 06 13:37:25 bacchus dunst[982156]: [ 220579.383] {Default Queue} wl_registry#2.global(1, "wl_compositor", 6)
Feb 06 13:37:25 bacchus dunst[982156]: [ 220579.388] {Default Queue}  -> wl_registry#2.bind(1, "wl_compositor", 4, new id [unknown]#4)
Feb 06 13:37:25 bacchus dunst[982156]: [ 220579.392] {Default Queue} wl_registry#2.global(2, "wl_subcompositor", 1)
Feb 06 13:37:25 bacchus dunst[982156]: [ 220579.396] {Default Queue} wl_registry#2.global(3, "xdg_wm_base", 6)
Feb 06 13:37:25 bacchus dunst[982156]: [ 220579.398] {Default Queue}  -> wl_registry#2.bind(3, "xdg_wm_base", 1, new id [unknown]#5)
Feb 06 13:37:25 bacchus dunst[982156]: [ 220579.401] {Default Queue} wl_registry#2.global(4, "zxdg_decoration_manager_v1", 1)
Feb 06 13:37:25 bacchus dunst[982156]: [ 220579.403] {Default Queue} wl_registry#2.global(5, "org_kde_kwin_server_decoration_manager", 1)
Feb 06 13:37:25 bacchus dunst[982156]: [ 220579.405] {Default Queue} wl_registry#2.global(6, "zwlr_layer_shell_v1", 5)
Feb 06 13:37:25 bacchus dunst[982156]: [ 220579.407] {Default Queue}  -> wl_registry#2.bind(6, "zwlr_layer_shell_v1", 1, new id [unknown]#6)
Feb 06 13:37:25 bacchus dunst[982156]: [ 220579.410] {Default Queue} wl_registry#2.global(7, "ext_session_lock_manager_v1", 1)
Feb 06 13:37:25 bacchus dunst[982156]: [ 220579.412] {Default Queue} wl_registry#2.global(8, "wl_shm", 2)
Feb 06 13:37:25 bacchus dunst[982156]: [ 220579.415] {Default Queue}  -> wl_registry#2.bind(8, "wl_shm", 1, new id [unknown]#7)
Feb 06 13:37:25 bacchus dunst[982156]: [ 220579.418] {Default Queue} wl_registry#2.global(9, "zxdg_output_manager_v1", 3)
Feb 06 13:37:25 bacchus dunst[982156]: [ 220579.420] {Default Queue} wl_registry#2.global(10, "wp_fractional_scale_manager_v1", 1)
Feb 06 13:37:25 bacchus dunst[982156]: [ 220579.422] {Default Queue} wl_registry#2.global(11, "zwp_tablet_manager_v2", 1)
Feb 06 13:37:25 bacchus dunst[982156]: [ 220579.425] {Default Queue} wl_registry#2.global(12, "zwp_pointer_gestures_v1", 3)
Feb 06 13:37:25 bacchus dunst[982156]: [ 220579.427] {Default Queue} wl_registry#2.global(13, "zwp_relative_pointer_manager_v1", 1)
Feb 06 13:37:25 bacchus dunst[982156]: [ 220579.429] {Default Queue} wl_registry#2.global(14, "zwp_pointer_constraints_v1", 1)
Feb 06 13:37:25 bacchus dunst[982156]: [ 220579.431] {Default Queue} wl_registry#2.global(15, "ext_idle_notifier_v1", 2)
Feb 06 13:37:25 bacchus dunst[982156]: [ 220579.435] {Default Queue}  -> wl_registry#2.bind(15, "ext_idle_notifier_v1", 1, new id [unknown]#8)
Feb 06 13:37:25 bacchus dunst[982156]: [ 220579.439] {Default Queue} wl_registry#2.global(16, "zwp_idle_inhibit_manager_v1", 1)
Feb 06 13:37:25 bacchus dunst[982156]: [ 220579.441] {Default Queue} wl_registry#2.global(17, "wl_data_device_manager", 3)
Feb 06 13:37:25 bacchus dunst[982156]: [ 220579.443] {Default Queue} wl_registry#2.global(18, "zwp_primary_selection_device_manager_v1", 1)
Feb 06 13:37:25 bacchus dunst[982156]: [ 220579.446] {Default Queue} wl_registry#2.global(19, "zwlr_data_control_manager_v1", 2)
Feb 06 13:37:25 bacchus dunst[982156]: [ 220579.448] {Default Queue} wl_registry#2.global(20, "ext_data_control_manager_v1", 1)
Feb 06 13:37:25 bacchus dunst[982156]: [ 220579.450] {Default Queue} wl_registry#2.global(21, "wp_presentation", 2)
Feb 06 13:37:25 bacchus dunst[982156]: [ 220579.452] {Default Queue} wl_registry#2.global(22, "wp_security_context_manager_v1", 1)
Feb 06 13:37:25 bacchus dunst[982156]: [ 220579.455] {Default Queue} wl_registry#2.global(23, "zwp_text_input_manager_v3", 1)
Feb 06 13:37:25 bacchus dunst[982156]: [ 220579.457] {Default Queue} wl_registry#2.global(24, "zwp_input_method_manager_v2", 1)
Feb 06 13:37:25 bacchus dunst[982156]: [ 220579.459] {Default Queue} wl_registry#2.global(25, "zwp_keyboard_shortcuts_inhibit_manager_v1", 1)
Feb 06 13:37:25 bacchus dunst[982156]: [ 220579.461] {Default Queue} wl_registry#2.global(26, "zwp_virtual_keyboard_manager_v1", 1)
Feb 06 13:37:25 bacchus dunst[982156]: [ 220579.463] {Default Queue} wl_registry#2.global(27, "zwlr_virtual_pointer_manager_v1", 2)
Feb 06 13:37:25 bacchus dunst[982156]: [ 220579.465] {Default Queue} wl_registry#2.global(28, "zwlr_foreign_toplevel_manager_v1", 3)
Feb 06 13:37:25 bacchus dunst[982156]: [ 220579.468] {Default Queue} wl_registry#2.global(29, "ext_workspace_manager_v1", 1)
Feb 06 13:37:25 bacchus dunst[982156]: [ 220579.470] {Default Queue} wl_registry#2.global(30, "zwlr_output_manager_v1", 4)
Feb 06 13:37:25 bacchus dunst[982156]: [ 220579.473] {Default Queue} wl_registry#2.global(31, "zwlr_screencopy_manager_v1", 3)
Feb 06 13:37:25 bacchus dunst[982156]: [ 220579.475] {Default Queue} wl_registry#2.global(32, "wp_viewporter", 1)
Feb 06 13:37:25 bacchus dunst[982156]: [ 220579.478] {Default Queue} wl_registry#2.global(33, "zxdg_exporter_v2", 1)
Feb 06 13:37:25 bacchus dunst[982156]: [ 220579.480] {Default Queue} wl_registry#2.global(34, "zxdg_importer_v2", 1)
Feb 06 13:37:25 bacchus dunst[982156]: [ 220579.482] {Default Queue} wl_registry#2.global(35, "zwlr_gamma_control_manager_v1", 1)
Feb 06 13:37:25 bacchus dunst[982156]: [ 220579.484] {Default Queue} wl_registry#2.global(36, "xdg_activation_v1", 1)
Feb 06 13:37:25 bacchus dunst[982156]: [ 220579.486] {Default Queue} wl_registry#2.global(37, "mutter_x11_interop", 1)
Feb 06 13:37:25 bacchus dunst[982156]: [ 220579.488] {Default Queue} wl_registry#2.global(38, "wl_seat", 9)
Feb 06 13:37:25 bacchus dunst[982156]: [ 220579.502] {Default Queue}  -> wl_registry#2.bind(38, "wl_seat", 3, new id [unknown]#9)
Feb 06 13:37:25 bacchus dunst[982156]: [ 220579.506] {Default Queue}  -> ext_idle_notifier_v1#8.get_idle_notification(new id ext_idle_notification_v1#10, 60000, wl_seat#9)
Feb 06 13:37:25 bacchus dunst[982156]: [ 220579.511] {Default Queue} wl_registry#2.global(39, "wp_cursor_shape_manager_v1", 2)
Feb 06 13:37:25 bacchus dunst[982156]: [ 220579.513] {Default Queue}  -> wl_registry#2.bind(39, "wp_cursor_shape_manager_v1", 1, new id [unknown]#11)
Feb 06 13:37:25 bacchus dunst[982156]: [ 220579.516] {Default Queue} wl_registry#2.global(40, "zwp_linux_dmabuf_v1", 5)
Feb 06 13:37:25 bacchus dunst[982156]: [ 220579.518] {Default Queue} wl_registry#2.global(41, "wp_drm_lease_device_v1", 1)
Feb 06 13:37:25 bacchus dunst[982156]: [ 220579.521] {Default Queue} wl_registry#2.global(104, "wl_output", 4)
Feb 06 13:37:25 bacchus dunst[982156]: [ 220579.530] {Default Queue}  -> wl_registry#2.bind(104, "wl_output", 4, new id [unknown]#12)
Feb 06 13:37:25 bacchus dunst[982156]: [ 220579.535] {Default Queue} wl_registry#2.global(106, "wl_output", 4)
Feb 06 13:37:25 bacchus dunst[982156]: [ 220579.538] {Default Queue}  -> wl_registry#2.bind(106, "wl_output", 4, new id [unknown]#13)
Feb 06 13:37:25 bacchus dunst[982156]: [ 220579.541] {Default Queue} wl_callback#3.done(0)
Feb 06 13:37:25 bacchus dunst[982156]: [ 220579.544] {Default Queue}  -> wl_registry#2.bind(28, "zwlr_foreign_toplevel_manager_v1", 2, new id [unknown]#3)
Feb 06 13:37:25 bacchus dunst[982156]: [ 220579.547] {Default Queue}  -> wl_display#1.sync(new id wl_callback#14)
Feb 06 13:37:25 bacchus dunst[982156]: [ 220580.736] {Display Queue} wl_display#1.delete_id(14)
Feb 06 13:37:25 bacchus dunst[982156]: [ 220580.745] {Default Queue} discarded wl_shm#7.format(875709016)
Feb 06 13:37:25 bacchus dunst[982156]: [ 220580.748] {Default Queue} discarded wl_shm#7.format(1)
Feb 06 13:37:25 bacchus dunst[982156]: [ 220580.750] {Default Queue} discarded wl_shm#7.format(875708993)
Feb 06 13:37:25 bacchus dunst[982156]: [ 220580.752] {Default Queue} discarded wl_shm#7.format(0)
Feb 06 13:37:25 bacchus dunst[982156]: [ 220580.754] {Default Queue} wl_seat#9.name("seat0")
Feb 06 13:37:25 bacchus dunst[982156]: [ 220580.759] {Default Queue} wl_seat#9.capabilities(3)
Feb 06 13:37:25 bacchus dunst[982156]: [ 220580.762] {Default Queue}  -> wl_seat#9.get_pointer(new id wl_pointer#15)
Feb 06 13:37:25 bacchus dunst[982156]: [ 220580.765] {Default Queue} wl_output#12.geometry(0, 1200, 340, 190, 0, "BOE", "0x0903", 0)
Feb 06 13:37:25 bacchus dunst[982156]: [ 220580.769] {Default Queue} wl_output#12.mode(3, 1920, 1080, 60001)
Feb 06 13:37:25 bacchus dunst[982156]: [ 220580.772] {Default Queue} wl_output#12.name("eDP-1")
Feb 06 13:37:25 bacchus dunst[982156]: [ 220580.775] {Default Queue} wl_output#12.description("BOE - 0x0903 - eDP-1")
Feb 06 13:37:25 bacchus dunst[982156]: [ 220580.777] {Default Queue} wl_output#12.scale(1)
Feb 06 13:37:25 bacchus dunst[982156]: [ 220580.779] {Default Queue} wl_output#12.done()
Feb 06 13:37:25 bacchus dunst[982156]: [ 220580.782] {Default Queue} wl_output#13.geometry(0, 0, 520, 320, 0, "Dell Inc.", "DELL U2412M", 0)
Feb 06 13:37:25 bacchus dunst[982156]: [ 220580.785] {Default Queue} wl_output#13.mode(3, 1920, 1200, 59950)
Feb 06 13:37:25 bacchus dunst[982156]: [ 220580.787] {Default Queue} wl_output#13.name("HDMI-A-1")
Feb 06 13:37:25 bacchus dunst[982156]: [ 220580.789] {Default Queue} wl_output#13.description("Dell Inc. - DELL U2412M - HDMI-A-1")
Feb 06 13:37:25 bacchus dunst[982156]: [ 220580.792] {Default Queue} wl_output#13.scale(1)
Feb 06 13:37:25 bacchus dunst[982156]: [ 220580.794] {Default Queue} wl_output#13.done()
Feb 06 13:37:25 bacchus dunst[982156]: [ 220580.796] {Default Queue} zwlr_foreign_toplevel_manager_v1#3.toplevel(new id zwlr_foreign_toplevel_handle_v1#4278190080)
Feb 06 13:37:25 bacchus dunst[982156]: [ 220580.799] {Default Queue} zwlr_foreign_toplevel_handle_v1#4278190080.title("Signal (6)")
Feb 06 13:37:25 bacchus dunst[982156]: [ 220580.801] {Default Queue} zwlr_foreign_toplevel_handle_v1#4278190080.app_id("signal")
Feb 06 13:37:25 bacchus dunst[982156]: [ 220580.803] {Default Queue} zwlr_foreign_toplevel_handle_v1#4278190080.state(array[0])
Feb 06 13:37:25 bacchus dunst[982156]: [ 220580.806] {Default Queue} zwlr_foreign_toplevel_handle_v1#4278190080.output_enter(wl_output#12)
Feb 06 13:37:25 bacchus dunst[982156]: [ 220580.808] {Default Queue} zwlr_foreign_toplevel_handle_v1#4278190080.done()
Feb 06 13:37:25 bacchus dunst[982156]: [ 220580.811] {Default Queue} zwlr_foreign_toplevel_manager_v1#3.toplevel(new id zwlr_foreign_toplevel_handle_v1#4278190081)
Feb 06 13:37:25 bacchus dunst[982156]: [ 220580.813] {Default Queue} zwlr_foreign_toplevel_handle_v1#4278190081.title("nixpkgs/pkgs/by-name/du/dunst/package.nix at nixos-25.11 · NixOS/nixpkgs — Mozilla Firefox")
Feb 06 13:37:25 bacchus dunst[982156]: [ 220580.816] {Default Queue} zwlr_foreign_toplevel_handle_v1#4278190081.app_id("firefox")
Feb 06 13:37:25 bacchus dunst[982156]: [ 220580.818] {Default Queue} zwlr_foreign_toplevel_handle_v1#4278190081.state(array[0])
Feb 06 13:37:25 bacchus dunst[982156]: [ 220580.820] {Default Queue} zwlr_foreign_toplevel_handle_v1#4278190081.output_enter(wl_output#13)
Feb 06 13:37:25 bacchus dunst[982156]: [ 220580.822] {Default Queue} zwlr_foreign_toplevel_handle_v1#4278190081.done()
Feb 06 13:37:25 bacchus dunst[982156]: [ 220580.824] {Default Queue} zwlr_foreign_toplevel_manager_v1#3.toplevel(new id zwlr_foreign_toplevel_handle_v1#4278190082)
Feb 06 13:37:25 bacchus dunst[982156]: [ 220580.827] {Default Queue} zwlr_foreign_toplevel_handle_v1#4278190082.title("dtc@bacchus:/tmp")
Feb 06 13:37:25 bacchus dunst[982156]: [ 220580.829] {Default Queue} zwlr_foreign_toplevel_handle_v1#4278190082.app_id("Alacritty")
Feb 06 13:37:25 bacchus dunst[982156]: [ 220580.830] {Default Queue} zwlr_foreign_toplevel_handle_v1#4278190082.state(array[0])
Feb 06 13:37:25 bacchus dunst[982156]: [ 220580.832] {Default Queue} zwlr_foreign_toplevel_handle_v1#4278190082.output_enter(wl_output#12)
Feb 06 13:37:25 bacchus dunst[982156]: [ 220580.834] {Default Queue} zwlr_foreign_toplevel_handle_v1#4278190082.done()
Feb 06 13:37:25 bacchus dunst[982156]: [ 220580.836] {Default Queue} zwlr_foreign_toplevel_manager_v1#3.toplevel(new id zwlr_foreign_toplevel_handle_v1#4278190083)
Feb 06 13:37:25 bacchus dunst[982156]: [ 220580.838] {Default Queue} zwlr_foreign_toplevel_handle_v1#4278190083.title("Discord")
Feb 06 13:37:25 bacchus dunst[982156]: [ 220580.840] {Default Queue} zwlr_foreign_toplevel_handle_v1#4278190083.app_id("discord")
Feb 06 13:37:25 bacchus dunst[982156]: [ 220580.842] {Default Queue} zwlr_foreign_toplevel_handle_v1#4278190083.state(array[0])
Feb 06 13:37:25 bacchus dunst[982156]: [ 220580.844] {Default Queue} zwlr_foreign_toplevel_handle_v1#4278190083.output_enter(wl_output#12)
Feb 06 13:37:25 bacchus dunst[982156]: [ 220580.846] {Default Queue} zwlr_foreign_toplevel_handle_v1#4278190083.done()
Feb 06 13:37:25 bacchus dunst[982156]: [ 220580.848] {Default Queue} zwlr_foreign_toplevel_manager_v1#3.toplevel(new id zwlr_foreign_toplevel_handle_v1#4278190084)
Feb 06 13:37:25 bacchus dunst[982156]: [ 220580.850] {Default Queue} zwlr_foreign_toplevel_handle_v1#4278190084.title("chatty-quasar | systemctl --user restart dunst")
Feb 06 13:37:25 bacchus dunst[982156]: [ 220580.852] {Default Queue} zwlr_foreign_toplevel_handle_v1#4278190084.app_id("Alacritty")
Feb 06 13:37:25 bacchus dunst[982156]: [ 220580.854] {Default Queue} zwlr_foreign_toplevel_handle_v1#4278190084.state(array[4])
Feb 06 13:37:25 bacchus dunst[982156]: [ 220580.857] {Default Queue} zwlr_foreign_toplevel_handle_v1#4278190084.output_enter(wl_output#12)
Feb 06 13:37:25 bacchus dunst[982156]: [ 220580.859] {Default Queue} zwlr_foreign_toplevel_handle_v1#4278190084.done()
Feb 06 13:37:25 bacchus dunst[982156]: [ 220580.860] {Default Queue} zwlr_foreign_toplevel_manager_v1#3.toplevel(new id zwlr_foreign_toplevel_handle_v1#4278190085)
Feb 06 13:37:25 bacchus dunst[982156]: [ 220580.862] {Default Queue} zwlr_foreign_toplevel_handle_v1#4278190085.title("Inbox - Unified Folders - Mozilla Thunderbird")
Feb 06 13:37:25 bacchus dunst[982156]: [ 220580.865] {Default Queue} zwlr_foreign_toplevel_handle_v1#4278190085.app_id("thunderbird")
Feb 06 13:37:25 bacchus dunst[982156]: [ 220580.868] {Default Queue} zwlr_foreign_toplevel_handle_v1#4278190085.state(array[0])
Feb 06 13:37:25 bacchus dunst[982156]: [ 220580.870] {Default Queue} zwlr_foreign_toplevel_handle_v1#4278190085.output_enter(wl_output#12)
Feb 06 13:37:25 bacchus dunst[982156]: [ 220580.872] {Default Queue} zwlr_foreign_toplevel_handle_v1#4278190085.done()
Feb 06 13:37:25 bacchus dunst[982156]: [ 220580.874] {Default Queue} zwlr_foreign_toplevel_manager_v1#3.toplevel(new id zwlr_foreign_toplevel_handle_v1#4278190086)
Feb 06 13:37:25 bacchus dunst[982156]: [ 220580.876] {Default Queue} zwlr_foreign_toplevel_handle_v1#4278190086.title("dtc@bacchus:~")
Feb 06 13:37:25 bacchus dunst[982156]: [ 220580.878] {Default Queue} zwlr_foreign_toplevel_handle_v1#4278190086.app_id("Alacritty")
Feb 06 13:37:25 bacchus dunst[982156]: [ 220580.880] {Default Queue} zwlr_foreign_toplevel_handle_v1#4278190086.state(array[0])
Feb 06 13:37:25 bacchus dunst[982156]: [ 220580.882] {Default Queue} zwlr_foreign_toplevel_handle_v1#4278190086.output_enter(wl_output#13)
Feb 06 13:37:25 bacchus dunst[982156]: [ 220580.884] {Default Queue} zwlr_foreign_toplevel_handle_v1#4278190086.done()
Feb 06 13:37:25 bacchus dunst[982156]: [ 220580.886] {Default Queue} wl_callback#14.done(0)
Feb 06 13:37:25 bacchus dunst[982156]: [ 220580.889] {Default Queue}  -> wl_display#1.sync(new id wl_callback#14)
Feb 06 13:37:25 bacchus dunst[982156]: [ 220580.984] {Display Queue} wl_display#1.delete_id(14)
Feb 06 13:37:25 bacchus dunst[982156]: [ 220580.989] {Default Queue} wl_callback#14.done(0)
Feb 06 13:37:25 bacchus dunst[982156]: [ 220581.025] {Default Queue}  -> wl_shm#7.create_pool(new id wl_shm_pool#14, fd 8, 2304)
Feb 06 13:37:25 bacchus dunst[982156]: [ 220581.173] {Default Queue}  -> wl_shm_pool#14.resize(5568)
Feb 06 13:37:25 bacchus dunst[982156]: [ 220581.275] {Default Queue}  -> wl_shm_pool#14.resize(12096)
Feb 06 13:37:25 bacchus dunst[982156]: [ 220581.295] {Default Queue}  -> wl_shm_pool#14.resize(25216)
Feb 06 13:37:25 bacchus dunst[982156]: [ 220581.311] {Default Queue}  -> wl_shm_pool#14.create_buffer(new id wl_buffer#16, 16064, 10, 16, 40, 0)
Feb 06 13:37:25 bacchus dunst[982156]: [ 220581.315] {Default Queue}  -> wl_compositor#4.create_surface(new id wl_surface#17)
Feb 06 13:37:25 bacchus dunst[982156]: [ 220581.318] {Default Queue}  -> wl_surface#17.attach(wl_buffer#16, 0, 0)
Feb 06 13:37:25 bacchus dunst[982156]: [ 220581.322] {Default Queue}  -> wl_surface#17.commit()
Feb 06 13:37:25 bacchus dunst[982156]: [ 220581.932] {Default Queue}  -> wl_display#1.sync(new id wl_callback#18)
Feb 06 13:37:25 bacchus dunst[982156]: [ 220582.197] {Display Queue} wl_display#1.delete_id(18)
Feb 06 13:37:25 bacchus dunst[982156]: [ 220582.207] {Default Queue} wl_callback#18.done(0)
Feb 06 13:37:25 bacchus systemd[3168]: Started Dunst notification daemon.
░░ Subject: A start job for unit UNIT has finished successfully
░░ Defined-By: systemd
░░ Support: https://lists.freedesktop.org/mailman/listinfo/systemd-devel
░░ 
░░ A start job for unit UNIT has finished successfully.
░░ 
░░ The job identifier is 7856.
Feb 06 13:37:25 bacchus dunst[982156]: [ 220595.590] {Default Queue} zwlr_foreign_toplevel_handle_v1#4278190084.title("chatty-quasar | dtc@bacchus:~/.dotfiles/overlays")
Feb 06 13:37:25 bacchus dunst[982156]: [ 220595.609] {Default Queue} zwlr_foreign_toplevel_handle_v1#4278190084.done()
Feb 06 13:37:25 bacchus dunst[982156]: [ 221377.740] {Default Queue} zwlr_foreign_toplevel_handle_v1#4278190084.title("chatty-quasar | journalctl --user -xefu dunst")
Feb 06 13:37:25 bacchus dunst[982156]: [ 221377.777] {Default Queue} zwlr_foreign_toplevel_handle_v1#4278190084.done()
Feb 06 13:37:52 bacchus dunst[982156]: [ 247939.111] {Default Queue} wl_registry#2.global_remove(106)
Feb 06 13:37:52 bacchus dunst[982156]: [ 247939.162] {Default Queue} zwlr_foreign_toplevel_handle_v1#4278190081.output_leave(nil)
Feb 06 13:37:52 bacchus dunst[982156]: [ 247939.172] {Default Queue} zwlr_foreign_toplevel_handle_v1#4278190081.output_enter(wl_output#12)
Feb 06 13:37:52 bacchus dunst[982156]: [ 247939.177] {Default Queue} zwlr_foreign_toplevel_handle_v1#4278190081.done()
Feb 06 13:37:52 bacchus dunst[982156]: [ 247939.183] {Default Queue} zwlr_foreign_toplevel_handle_v1#4278190086.output_leave(nil)
Feb 06 13:37:52 bacchus dunst[982156]: [ 247939.187] {Default Queue} zwlr_foreign_toplevel_handle_v1#4278190086.output_enter(wl_output#12)
Feb 06 13:37:52 bacchus dunst[982156]: [ 247939.192] {Default Queue} zwlr_foreign_toplevel_handle_v1#4278190086.done()
Feb 06 13:38:07 bacchus dunst[982156]: [ 263374.528] {Default Queue} wl_registry#2.global(107, "wl_output", 4)
Feb 06 13:38:07 bacchus dunst[982156]: [ 263374.616] {Default Queue}  -> wl_registry#2.bind(107, "wl_output", 4, new id [unknown]#18)
Feb 06 13:38:07 bacchus dunst[982156]: [ 263374.642] {Default Queue} zwlr_foreign_toplevel_handle_v1#4278190081.output_leave(wl_output#12)
Feb 06 13:38:07 bacchus dunst[982156]: [ 263374.655] {Default Queue} zwlr_foreign_toplevel_handle_v1#4278190081.done()
Feb 06 13:38:07 bacchus dunst[982156]: [ 263374.666] {Default Queue} zwlr_foreign_toplevel_handle_v1#4278190086.output_leave(wl_output#12)
Feb 06 13:38:07 bacchus dunst[982156]: [ 263374.677] {Default Queue} zwlr_foreign_toplevel_handle_v1#4278190086.done()
Feb 06 13:38:07 bacchus dunst[982156]: [ 263381.498] {Default Queue} wl_output#18.geometry(0, 0, 520, 320, 0, "Dell Inc.", "DELL U2412M", 0)
Feb 06 13:38:07 bacchus dunst[982156]: [ 263381.526] {Default Queue} wl_output#18.mode(3, 1920, 1200, 59950)
Feb 06 13:38:07 bacchus dunst[982156]: [ 263381.532] {Default Queue} wl_output#18.name("HDMI-A-1")
Feb 06 13:38:07 bacchus dunst[982156]: [ 263381.538] {Default Queue} wl_output#18.description("Dell Inc. - DELL U2412M - HDMI-A-1")
Feb 06 13:38:07 bacchus dunst[982156]: [ 263381.541] {Default Queue} wl_output#18.scale(1)
Feb 06 13:38:07 bacchus dunst[982156]: [ 263381.558] {Default Queue}  -> wl_display#1.sync(new id wl_callback#19)
Feb 06 13:38:07 bacchus dunst[982156]: [ 263382.762] {Default Queue} wl_output#18.done()
Feb 06 13:38:07 bacchus dunst[982156]: [ 263382.907] {Default Queue} zwlr_foreign_toplevel_handle_v1#4278190081.output_enter(wl_output#18)
Feb 06 13:38:07 bacchus dunst[982156]: [ 263383.292] {Default Queue} zwlr_foreign_toplevel_handle_v1#4278190081.done()
Feb 06 13:38:07 bacchus dunst[982156]: [ 263383.303] {Default Queue} zwlr_foreign_toplevel_handle_v1#4278190086.output_enter(wl_output#18)
Feb 06 13:38:07 bacchus dunst[982156]: [ 263383.308] {Default Queue} zwlr_foreign_toplevel_handle_v1#4278190086.done()
Feb 06 13:38:07 bacchus dunst[982156]: [ 263391.617] {Display Queue} wl_display#1.delete_id(19)
Feb 06 13:38:07 bacchus dunst[982156]: [ 263392.183] {Default Queue} wl_callback#19.done(0)
Feb 06 13:38:14 bacchus dunst[982156]: [ 269673.628] {Default Queue} zwlr_foreign_toplevel_handle_v1#4278190084.state(array[0])
Feb 06 13:38:14 bacchus dunst[982156]: [ 269673.697] {Default Queue} zwlr_foreign_toplevel_handle_v1#4278190084.done()
Feb 06 13:38:14 bacchus dunst[982156]: [ 269673.715] {Default Queue} zwlr_foreign_toplevel_manager_v1#3.toplevel(new id zwlr_foreign_toplevel_handle_v1#4278190087)
Feb 06 13:38:14 bacchus dunst[982156]: [ 269673.724] {Default Queue} zwlr_foreign_toplevel_handle_v1#4278190087.title("Alacritty")
Feb 06 13:38:14 bacchus dunst[982156]: [ 269673.729] {Default Queue} zwlr_foreign_toplevel_handle_v1#4278190087.app_id("Alacritty")
Feb 06 13:38:14 bacchus dunst[982156]: [ 269673.732] {Default Queue} zwlr_foreign_toplevel_handle_v1#4278190087.state(array[4])
Feb 06 13:38:14 bacchus dunst[982156]: [ 269673.739] {Default Queue} zwlr_foreign_toplevel_handle_v1#4278190087.output_enter(wl_output#12)
Feb 06 13:38:14 bacchus dunst[982156]: [ 269673.743] {Default Queue} zwlr_foreign_toplevel_handle_v1#4278190087.done()
Feb 06 13:38:14 bacchus dunst[982156]: [ 269864.081] {Default Queue} zwlr_foreign_toplevel_handle_v1#4278190087.title("dtc@bacchus:~")
Feb 06 13:38:14 bacchus dunst[982156]: [ 269864.097] {Default Queue} zwlr_foreign_toplevel_handle_v1#4278190087.done()
Feb 06 13:38:22 bacchus dunst[982156]: [ 277649.297] {Default Queue} zwlr_foreign_toplevel_handle_v1#4278190087.state(array[0])
Feb 06 13:38:22 bacchus dunst[982156]: [ 277649.419] {Default Queue} zwlr_foreign_toplevel_handle_v1#4278190087.done()
Feb 06 13:38:22 bacchus dunst[982156]: [ 277649.445] {Default Queue} zwlr_foreign_toplevel_handle_v1#4278190085.state(array[4])
Feb 06 13:38:22 bacchus dunst[982156]: [ 277649.453] {Default Queue} zwlr_foreign_toplevel_handle_v1#4278190085.done()
Feb 06 13:38:24 bacchus dunst[982156]: [ 279675.320] {Default Queue} zwlr_foreign_toplevel_handle_v1#4278190085.state(array[0])
Feb 06 13:38:24 bacchus dunst[982156]: [ 279675.362] {Default Queue} zwlr_foreign_toplevel_handle_v1#4278190085.done()
Feb 06 13:38:24 bacchus dunst[982156]: [ 279675.371] {Default Queue} zwlr_foreign_toplevel_handle_v1#4278190081.state(array[4])
Feb 06 13:38:24 bacchus dunst[982156]: [ 279675.375] {Default Queue} zwlr_foreign_toplevel_handle_v1#4278190081.done()
Feb 06 13:38:25 bacchus dunst[982156]: [ 280885.358] {Default Queue} zwlr_foreign_toplevel_handle_v1#4278190081.title("Mozilla Firefox")
Feb 06 13:38:25 bacchus dunst[982156]: [ 280885.378] {Default Queue} zwlr_foreign_toplevel_handle_v1#4278190081.done()
Feb 06 13:38:26 bacchus dunst[982156]: [ 281649.927] {Default Queue} zwlr_foreign_toplevel_handle_v1#4278190081.state(array[0])
Feb 06 13:38:26 bacchus dunst[982156]: [ 281650.010] {Default Queue} zwlr_foreign_toplevel_handle_v1#4278190081.done()
Feb 06 13:38:26 bacchus dunst[982156]: [ 281650.028] {Default Queue} zwlr_foreign_toplevel_handle_v1#4278190085.state(array[4])
Feb 06 13:38:26 bacchus dunst[982156]: [ 281650.033] {Default Queue} zwlr_foreign_toplevel_handle_v1#4278190085.done()
Feb 06 13:38:26 bacchus dunst[982156]: [ 282122.461] {Default Queue} zwlr_foreign_toplevel_handle_v1#4278190085.state(array[0])
Feb 06 13:38:26 bacchus dunst[982156]: [ 282122.485] {Default Queue} zwlr_foreign_toplevel_handle_v1#4278190085.done()
Feb 06 13:38:26 bacchus dunst[982156]: [ 282122.492] {Default Queue} zwlr_foreign_toplevel_handle_v1#4278190083.state(array[4])
Feb 06 13:38:26 bacchus dunst[982156]: [ 282122.494] {Default Queue} zwlr_foreign_toplevel_handle_v1#4278190083.done()
Feb 06 13:38:28 bacchus dunst[982156]: [ 284032.113] {Default Queue} zwlr_foreign_toplevel_handle_v1#4278190083.title("Discord")
Feb 06 13:38:28 bacchus dunst[982156]: [ 284032.140] {Default Queue} zwlr_foreign_toplevel_handle_v1#4278190083.done()
Feb 06 13:38:29 bacchus dunst[982156]: [ 284786.926] {Default Queue} zwlr_foreign_toplevel_handle_v1#4278190083.state(array[0])
Feb 06 13:38:29 bacchus dunst[982156]: [ 284786.979] {Default Queue} zwlr_foreign_toplevel_handle_v1#4278190083.done()
Feb 06 13:38:29 bacchus dunst[982156]: [ 284786.995] {Default Queue} zwlr_foreign_toplevel_handle_v1#4278190085.state(array[4])
Feb 06 13:38:29 bacchus dunst[982156]: [ 284787.003] {Default Queue} zwlr_foreign_toplevel_handle_v1#4278190085.done()
Feb 06 13:38:29 bacchus dunst[982156]: [ 285235.030] {Default Queue} zwlr_foreign_toplevel_handle_v1#4278190085.state(array[0])
Feb 06 13:38:29 bacchus dunst[982156]: [ 285235.075] {Default Queue} zwlr_foreign_toplevel_handle_v1#4278190085.done()
Feb 06 13:38:29 bacchus dunst[982156]: [ 285235.091] {Default Queue} zwlr_foreign_toplevel_handle_v1#4278190080.state(array[4])
Feb 06 13:38:29 bacchus dunst[982156]: [ 285235.099] {Default Queue} zwlr_foreign_toplevel_handle_v1#4278190080.done()
Feb 06 13:38:32 bacchus dunst[982156]: [ 288388.263] {Default Queue}  -> wl_shm#7.create_pool(new id wl_shm_pool#19, fd 10, 1000000)
Feb 06 13:38:32 bacchus dunst[982156]: [ 288388.279] {Default Queue}  -> wl_shm_pool#19.create_buffer(new id wl_buffer#20, 0, 500, 500, 2000, 0)
Feb 06 13:38:32 bacchus dunst[982156]: [ 288388.284] {Default Queue}  -> wl_shm_pool#19.destroy()
Feb 06 13:38:32 bacchus dunst[982156]: [ 288412.649] {Default Queue}  -> wl_buffer#20.destroy()
Feb 06 13:38:32 bacchus dunst[982156]: [ 288412.791] {Default Queue}  -> wl_shm#7.create_pool(new id wl_shm_pool#21, fd 11, 103824)
Feb 06 13:38:32 bacchus dunst[982156]: [ 288412.797] {Default Queue}  -> wl_shm_pool#21.create_buffer(new id wl_buffer#22, 0, 309, 84, 1236, 0)
Feb 06 13:38:32 bacchus dunst[982156]: [ 288412.801] {Default Queue}  -> wl_shm_pool#21.destroy()
Feb 06 13:38:32 bacchus dunst[982156]: [ 288412.879] {Default Queue}  -> wl_compositor#4.create_surface(new id wl_surface#23)
Feb 06 13:38:32 bacchus dunst[982156]: [ 288412.884] {Default Queue}  -> zwlr_layer_shell_v1#6.get_layer_surface(new id zwlr_layer_surface_v1#24, wl_surface#23, wl_output#12, 3, "notifications")
Feb 06 13:38:32 bacchus dunst[982156]: [ 288412.889] {Default Queue}  -> zwlr_layer_surface_v1#24.set_size(309, 84)
Feb 06 13:38:32 bacchus dunst[982156]: [ 288412.892] {Default Queue}  -> zwlr_layer_surface_v1#24.set_anchor(9)
Feb 06 13:38:32 bacchus dunst[982156]: [ 288412.894] {Default Queue}  -> zwlr_layer_surface_v1#24.set_margin(50, 10, 50, 10)
Feb 06 13:38:32 bacchus dunst[982156]: [ 288412.899] {Default Queue}  -> wl_surface#23.commit()
Feb 06 13:38:32 bacchus dunst[982156]: [ 288412.902] {Default Queue}  -> wl_display#1.sync(new id wl_callback#25)
Feb 06 13:38:32 bacchus dunst[982156]: [ 288413.321] {Display Queue} wl_display#1.delete_id(19)
Feb 06 13:38:32 bacchus dunst[982156]: [ 288413.328] {Display Queue} wl_display#1.delete_id(20)
Feb 06 13:38:32 bacchus dunst[982156]: [ 288413.330] {Display Queue} wl_display#1.delete_id(21)
Feb 06 13:38:32 bacchus dunst[982156]: [ 288413.332] {Display Queue} wl_display#1.delete_id(25)
Feb 06 13:38:32 bacchus dunst[982156]: [ 288413.334] {Default Queue} wl_surface#23.enter(wl_output#12)
Feb 06 13:38:32 bacchus dunst[982156]: [ 288413.336] {Default Queue} zwlr_layer_surface_v1#24.configure(2246949, 309, 84)
Feb 06 13:38:32 bacchus dunst[982156]: [ 288413.339] {Default Queue}  -> zwlr_layer_surface_v1#24.ack_configure(2246949)
Feb 06 13:38:32 bacchus dunst[982156]: [ 288413.342] {Default Queue}  -> wl_surface#23.set_buffer_scale(1)
Feb 06 13:38:32 bacchus dunst[982156]: [ 288413.345] {Default Queue}  -> wl_surface#23.damage_buffer(0, 0, 2147483647, 2147483647)
Feb 06 13:38:32 bacchus dunst[982156]: [ 288413.348] {Default Queue}  -> wl_surface#23.attach(wl_buffer#22, 0, 0)
Feb 06 13:38:32 bacchus dunst[982156]: [ 288413.351] {Default Queue}  -> wl_surface#23.frame(new id wl_callback#21)
Feb 06 13:38:32 bacchus dunst[982156]: [ 288413.353] {Default Queue}  -> wl_surface#23.commit()
Feb 06 13:38:32 bacchus dunst[982156]: [ 288413.355] {Default Queue} wl_callback#25.done(0)
Feb 06 13:38:32 bacchus dunst[982156]: [ 288413.359] {Default Queue}  -> wl_display#1.sync(new id wl_callback#25)
Feb 06 13:38:32 bacchus dunst[982156]: [ 288413.495] {Display Queue} wl_display#1.delete_id(25)
Feb 06 13:38:32 bacchus dunst[982156]: [ 288413.500] {Default Queue} wl_callback#25.done(0)
Feb 06 13:38:32 bacchus dunst[982156]: [ 288422.853] {Display Queue} wl_display#1.delete_id(21)
Feb 06 13:38:32 bacchus dunst[982156]: [ 288422.875] {Default Queue} wl_callback#21.done(340629062)
Feb 06 13:38:33 bacchus dunst[982156]: [ 289393.137] {Default Queue} zwlr_foreign_toplevel_handle_v1#4278190080.state(array[0])
Feb 06 13:38:33 bacchus dunst[982156]: [ 289393.169] {Default Queue} zwlr_foreign_toplevel_handle_v1#4278190080.done()
Feb 06 13:38:33 bacchus dunst[982156]: [ 289393.178] {Default Queue} zwlr_foreign_toplevel_handle_v1#4278190082.state(array[4])
Feb 06 13:38:33 bacchus dunst[982156]: [ 289393.183] {Default Queue} zwlr_foreign_toplevel_handle_v1#4278190082.done()
Feb 06 13:38:34 bacchus dunst[982156]: [ 290422.017] {Default Queue} zwlr_foreign_toplevel_handle_v1#4278190082.state(array[0])
Feb 06 13:38:34 bacchus dunst[982156]: [ 290422.047] {Default Queue} zwlr_foreign_toplevel_handle_v1#4278190082.done()
Feb 06 13:38:35 bacchus dunst[982156]: [ 291046.659] {Default Queue} zwlr_foreign_toplevel_handle_v1#4278190082.state(array[4])
Feb 06 13:38:35 bacchus dunst[982156]: [ 291046.721] {Default Queue} zwlr_foreign_toplevel_handle_v1#4278190082.done()
Feb 06 13:38:35 bacchus dunst[982156]: [ 291212.419] {Default Queue} zwlr_foreign_toplevel_handle_v1#4278190082.state(array[0])
Feb 06 13:38:35 bacchus dunst[982156]: [ 291212.474] {Default Queue} zwlr_foreign_toplevel_handle_v1#4278190082.done()
Feb 06 13:38:35 bacchus dunst[982156]: [ 291212.488] {Default Queue} zwlr_foreign_toplevel_handle_v1#4278190087.state(array[4])
Feb 06 13:38:35 bacchus dunst[982156]: [ 291212.499] {Default Queue} zwlr_foreign_toplevel_handle_v1#4278190087.done()
Feb 06 13:38:36 bacchus dunst[982156]: [ 291602.085] {Default Queue} zwlr_foreign_toplevel_handle_v1#4278190087.state(array[0])
Feb 06 13:38:36 bacchus dunst[982156]: [ 291602.206] {Default Queue} zwlr_foreign_toplevel_handle_v1#4278190087.done()
Feb 06 13:38:36 bacchus dunst[982156]: [ 291602.222] {Default Queue} zwlr_foreign_toplevel_handle_v1#4278190080.state(array[4])
Feb 06 13:38:36 bacchus dunst[982156]: [ 291602.227] {Default Queue} zwlr_foreign_toplevel_handle_v1#4278190080.done()
Feb 06 13:38:36 bacchus dunst[982156]: [ 292226.919] {Default Queue} zwlr_foreign_toplevel_handle_v1#4278190080.state(array[0])
Feb 06 13:38:36 bacchus dunst[982156]: [ 292226.965] {Default Queue} zwlr_foreign_toplevel_handle_v1#4278190080.done()
Feb 06 13:38:36 bacchus dunst[982156]: [ 292226.975] {Default Queue} zwlr_foreign_toplevel_handle_v1#4278190085.state(array[4])
Feb 06 13:38:36 bacchus dunst[982156]: [ 292226.982] {Default Queue} zwlr_foreign_toplevel_handle_v1#4278190085.done()
Feb 06 13:38:37 bacchus dunst[982156]: [ 292691.034] {Default Queue} zwlr_foreign_toplevel_handle_v1#4278190085.state(array[0])
Feb 06 13:38:37 bacchus dunst[982156]: [ 292691.070] {Default Queue} zwlr_foreign_toplevel_handle_v1#4278190085.done()
Feb 06 13:38:37 bacchus dunst[982156]: [ 292691.082] {Default Queue} zwlr_foreign_toplevel_handle_v1#4278190083.state(array[4])
Feb 06 13:38:37 bacchus dunst[982156]: [ 292691.089] {Default Queue} zwlr_foreign_toplevel_handle_v1#4278190083.done()
Feb 06 13:38:37 bacchus dunst[982156]: [ 293238.925] {Default Queue} zwlr_foreign_toplevel_handle_v1#4278190083.state(array[0])
Feb 06 13:38:37 bacchus dunst[982156]: [ 293238.952] {Default Queue} zwlr_foreign_toplevel_handle_v1#4278190083.done()
Feb 06 13:38:37 bacchus dunst[982156]: [ 293238.959] {Default Queue} zwlr_foreign_toplevel_handle_v1#4278190087.state(array[4])
Feb 06 13:38:37 bacchus dunst[982156]: [ 293238.961] {Default Queue} zwlr_foreign_toplevel_handle_v1#4278190087.done()
Feb 06 13:38:38 bacchus dunst[982156]: [ 294254.480] {Default Queue} zwlr_foreign_toplevel_handle_v1#4278190087.state(array[0])
Feb 06 13:38:38 bacchus dunst[982156]: [ 294254.559] {Default Queue} zwlr_foreign_toplevel_handle_v1#4278190087.done()
Feb 06 13:38:38 bacchus dunst[982156]: [ 294254.619] {Default Queue} zwlr_foreign_toplevel_handle_v1#4278190084.state(array[4])
Feb 06 13:38:38 bacchus dunst[982156]: [ 294254.629] {Default Queue} zwlr_foreign_toplevel_handle_v1#4278190084.done()
Feb 06 13:38:42 bacchus dunst[982156]: [ 298391.934] {Default Queue}  -> wl_surface#23.frame(new id wl_callback#21)
Feb 06 13:38:42 bacchus dunst[982156]: [ 298391.972] {Default Queue}  -> wl_surface#23.commit()
Feb 06 13:38:42 bacchus dunst[982156]: [ 298391.980] {Default Queue}  -> wl_display#1.sync(new id wl_callback#25)
Feb 06 13:38:42 bacchus dunst[982156]: [ 298394.389] {Display Queue} wl_display#1.delete_id(25)
Feb 06 13:38:42 bacchus dunst[982156]: [ 298394.468] {Display Queue} wl_display#1.delete_id(21)
Feb 06 13:38:42 bacchus dunst[982156]: [ 298394.477] {Default Queue} wl_callback#25.done(0)
Feb 06 13:38:42 bacchus dunst[982156]: [ 298394.489] {Default Queue} wl_callback#21.done(340639033)
Feb 06 13:38:42 bacchus dunst[982156]: [ 298394.513] {Default Queue}  -> zwlr_layer_surface_v1#24.destroy()
Feb 06 13:38:42 bacchus dunst[982156]: [ 298394.531] {Default Queue}  -> wl_surface#23.destroy()
Feb 06 13:38:42 bacchus dunst[982156]: [ 298396.322] discarded [unknown]#23.[event 1](0 fd, 12 byte)
Feb 06 13:38:42 bacchus dunst[982156]: [ 298396.363] {Display Queue} wl_display#1.delete_id(24)
Feb 06 13:38:42 bacchus dunst[982156]: [ 298396.378] {Display Queue} wl_display#1.delete_id(23)
Feb 06 13:38:42 bacchus dunst[982156]: [ 298396.388] {Default Queue} wl_buffer#22.release()
Feb 06 13:39:00 bacchus dunst[982156]: [ 316087.630] {Default Queue} wl_registry#2.global_remove(107)
Feb 06 13:39:00 bacchus dunst[982156]: [ 316087.667] {Default Queue} zwlr_foreign_toplevel_handle_v1#4278190081.output_leave(nil)
Feb 06 13:39:00 bacchus dunst[982156]: [ 316087.679] {Default Queue} zwlr_foreign_toplevel_handle_v1#4278190081.output_enter(wl_output#12)
Feb 06 13:39:00 bacchus dunst[982156]: [ 316087.685] {Default Queue} zwlr_foreign_toplevel_handle_v1#4278190081.done()
Feb 06 13:39:00 bacchus dunst[982156]: [ 316087.691] {Default Queue} zwlr_foreign_toplevel_handle_v1#4278190086.output_leave(nil)
Feb 06 13:39:00 bacchus dunst[982156]: [ 316087.696] {Default Queue} zwlr_foreign_toplevel_handle_v1#4278190086.output_enter(wl_output#12)
Feb 06 13:39:00 bacchus dunst[982156]: [ 316087.700] {Default Queue} zwlr_foreign_toplevel_handle_v1#4278190086.done()
Feb 06 13:39:05 bacchus dunst[982156]: [ 320917.578] {Default Queue} zwlr_foreign_toplevel_handle_v1#4278190084.title("chatty-quasar")
Feb 06 13:39:05 bacchus dunst[982156]: [ 320918.357] {Default Queue} zwlr_foreign_toplevel_handle_v1#4278190084.done()
Feb 06 13:39:05 bacchus dunst[982156]: [ 321123.218] {Default Queue} zwlr_foreign_toplevel_handle_v1#4278190084.title("chatty-quasar | dtc@bacchus:~/.dotfiles")
Feb 06 13:39:05 bacchus dunst[982156]: [ 321123.304] {Default Queue} zwlr_foreign_toplevel_handle_v1#4278190084.done()
Feb 06 13:39:08 bacchus dunst[982156]: [ 323736.027] {Default Queue} zwlr_foreign_toplevel_handle_v1#4278190084.title("chatty-quasar | nix shell pkgs#libnotify")
Feb 06 13:39:08 bacchus dunst[982156]: [ 323736.047] {Default Queue} zwlr_foreign_toplevel_handle_v1#4278190084.done()
Feb 06 13:39:08 bacchus dunst[982156]: [ 324208.055] {Default Queue} zwlr_foreign_toplevel_handle_v1#4278190084.title("chatty-quasar | dtc@bacchus:~/.dotfiles")
Feb 06 13:39:08 bacchus dunst[982156]: [ 324208.073] {Default Queue} zwlr_foreign_toplevel_handle_v1#4278190084.done()
Feb 06 13:39:09 bacchus dunst[982156]: [ 325097.537] {Default Queue} zwlr_foreign_toplevel_handle_v1#4278190084.title("chatty-quasar | notify-send test23")
Feb 06 13:39:09 bacchus dunst[982156]: [ 325097.669] {Default Queue} zwlr_foreign_toplevel_handle_v1#4278190084.done()
Feb 06 13:39:09 bacchus dunst[982156]: [ 325108.942] {Default Queue}  -> wl_buffer#22.destroy()
Feb 06 13:39:09 bacchus dunst[982156]: [ 325109.108] {Default Queue}  -> wl_shm#7.create_pool(new id wl_shm_pool#23, fd 10, 1000000)
Feb 06 13:39:09 bacchus dunst[982156]: [ 325109.131] {Default Queue}  -> wl_shm_pool#23.create_buffer(new id wl_buffer#24, 0, 500, 500, 2000, 0)
Feb 06 13:39:09 bacchus dunst[982156]: [ 325109.146] {Default Queue}  -> wl_shm_pool#23.destroy()
Feb 06 13:39:09 bacchus dunst[982156]: [ 325111.618] {Default Queue}  -> wl_buffer#24.destroy()
Feb 06 13:39:09 bacchus dunst[982156]: [ 325111.682] {Default Queue}  -> wl_shm#7.create_pool(new id wl_shm_pool#21, fd 11, 46968)
Feb 06 13:39:09 bacchus dunst[982156]: [ 325111.690] {Default Queue}  -> wl_shm_pool#21.create_buffer(new id wl_buffer#25, 0, 309, 38, 1236, 0)
Feb 06 13:39:09 bacchus dunst[982156]: [ 325111.695] {Default Queue}  -> wl_shm_pool#21.destroy()
Feb 06 13:39:09 bacchus dunst[982156]: [ 325111.757] {Default Queue}  -> wl_compositor#4.create_surface(new id wl_surface#20)
Feb 06 13:39:09 bacchus dunst[982156]: [ 325111.764] {Default Queue}  -> zwlr_layer_shell_v1#6.get_layer_surface(new id zwlr_layer_surface_v1#19, wl_surface#20, wl_output#12, 3, "notifications")
Feb 06 13:39:09 bacchus dunst[982156]: [ 325111.770] {Default Queue}  -> zwlr_layer_surface_v1#19.set_size(309, 38)
Feb 06 13:39:09 bacchus dunst[982156]: [ 325111.772] {Default Queue}  -> zwlr_layer_surface_v1#19.set_anchor(9)
Feb 06 13:39:09 bacchus dunst[982156]: [ 325111.776] {Default Queue}  -> zwlr_layer_surface_v1#19.set_margin(50, 10, 50, 10)
Feb 06 13:39:09 bacchus dunst[982156]: [ 325111.780] {Default Queue}  -> wl_surface#20.commit()
Feb 06 13:39:09 bacchus dunst[982156]: [ 325111.783] {Default Queue}  -> wl_display#1.sync(new id wl_callback#26)
Feb 06 13:39:09 bacchus dunst[982156]: [ 325112.195] {Display Queue} wl_display#1.delete_id(22)
Feb 06 13:39:09 bacchus dunst[982156]: [ 325112.206] {Display Queue} wl_display#1.delete_id(23)
Feb 06 13:39:09 bacchus dunst[982156]: [ 325112.209] {Display Queue} wl_display#1.delete_id(24)
Feb 06 13:39:09 bacchus dunst[982156]: [ 325112.214] {Display Queue} wl_display#1.delete_id(21)
Feb 06 13:39:09 bacchus dunst[982156]: [ 325112.217] {Display Queue} wl_display#1.delete_id(26)
Feb 06 13:39:09 bacchus dunst[982156]: [ 325112.220] {Default Queue} wl_surface#20.enter(wl_output#12)
Feb 06 13:39:09 bacchus dunst[982156]: [ 325112.223] {Default Queue} zwlr_layer_surface_v1#19.configure(2247099, 309, 38)
Feb 06 13:39:09 bacchus dunst[982156]: [ 325112.227] {Default Queue}  -> zwlr_layer_surface_v1#19.ack_configure(2247099)
Feb 06 13:39:09 bacchus dunst[982156]: [ 325112.232] {Default Queue}  -> wl_surface#20.set_buffer_scale(1)
Feb 06 13:39:09 bacchus dunst[982156]: [ 325112.236] {Default Queue}  -> wl_surface#20.damage_buffer(0, 0, 2147483647, 2147483647)
Feb 06 13:39:09 bacchus dunst[982156]: [ 325112.239] {Default Queue}  -> wl_surface#20.attach(wl_buffer#25, 0, 0)
Feb 06 13:39:09 bacchus dunst[982156]: [ 325112.243] {Default Queue}  -> wl_surface#20.frame(new id wl_callback#21)
Feb 06 13:39:09 bacchus dunst[982156]: [ 325112.246] {Default Queue}  -> wl_surface#20.commit()
Feb 06 13:39:09 bacchus dunst[982156]: [ 325112.249] {Default Queue} wl_callback#26.done(0)
Feb 06 13:39:09 bacchus dunst[982156]: [ 325112.253] {Default Queue}  -> wl_display#1.sync(new id wl_callback#26)
Feb 06 13:39:09 bacchus dunst[982156]: [ 325112.411] {Display Queue} wl_display#1.delete_id(26)
Feb 06 13:39:09 bacchus dunst[982156]: [ 325112.418] {Default Queue} wl_callback#26.done(0)
Feb 06 13:39:09 bacchus dunst[982156]: [ 325122.913] {Display Queue} wl_display#1.delete_id(21)
Feb 06 13:39:09 bacchus dunst[982156]: [ 325122.956] {Default Queue} wl_callback#21.done(340665762)
Feb 06 13:39:09 bacchus dunst[982156]: [ 325124.780] {Default Queue} zwlr_foreign_toplevel_handle_v1#4278190084.title("chatty-quasar | dtc@bacchus:~/.dotfiles")
Feb 06 13:39:09 bacchus dunst[982156]: [ 325124.791] {Default Queue} zwlr_foreign_toplevel_handle_v1#4278190084.done()
Feb 06 13:39:15 bacchus dunst[982156]: [ 331261.912] {Default Queue} wl_registry#2.global(108, "wl_output", 4)
Feb 06 13:39:15 bacchus dunst[982156]: [ 331261.956] {Default Queue}  -> wl_registry#2.bind(108, "wl_output", 4, new id [unknown]#21)
Feb 06 13:39:15 bacchus dunst[982156]: [ 331261.975] {Default Queue} zwlr_foreign_toplevel_handle_v1#4278190081.output_leave(wl_output#12)
Feb 06 13:39:15 bacchus dunst[982156]: [ 331261.986] {Default Queue} zwlr_foreign_toplevel_handle_v1#4278190081.done()
Feb 06 13:39:15 bacchus dunst[982156]: [ 331261.996] {Default Queue} zwlr_foreign_toplevel_handle_v1#4278190086.output_leave(wl_output#12)
Feb 06 13:39:15 bacchus dunst[982156]: [ 331262.006] {Default Queue} zwlr_foreign_toplevel_handle_v1#4278190086.done()
Feb 06 13:39:15 bacchus dunst[982156]: [ 331263.685] {Default Queue} wl_output#21.geometry(0, 0, 520, 320, 0, "Dell Inc.", "DELL U2412M", 0)
Feb 06 13:39:15 bacchus dunst[982156]: [ 331263.727] {Default Queue} wl_output#21.mode(3, 1920, 1200, 59950)
Feb 06 13:39:15 bacchus dunst[982156]: [ 331263.739] {Default Queue} wl_output#21.name("HDMI-A-1")
Feb 06 13:39:15 bacchus dunst[982156]: [ 331263.753] {Default Queue} wl_output#21.description("Dell Inc. - DELL U2412M - HDMI-A-1")
Feb 06 13:39:15 bacchus dunst[982156]: [ 331263.781] {Default Queue} wl_output#21.scale(1)
Feb 06 13:39:15 bacchus dunst[982156]: [ 331263.883] {Default Queue}  -> wl_shm#7.create_pool(new id wl_shm_pool#26, fd 10, 1000000)
Feb 06 13:39:15 bacchus dunst[982156]: [ 331263.899] {Default Queue}  -> wl_shm_pool#26.create_buffer(new id wl_buffer#24, 0, 500, 500, 2000, 0)
Feb 06 13:39:15 bacchus dunst[982156]: [ 331263.910] {Default Queue}  -> wl_shm_pool#26.destroy()
Feb 06 13:39:15 bacchus dunst[982156]: [ 331264.366] {Default Queue}  -> wl_buffer#24.destroy()
Feb 06 13:39:15 bacchus dunst[982156]: [ 331264.484] {Default Queue}  -> wl_shm#7.create_pool(new id wl_shm_pool#23, fd 11, 46968)
Feb 06 13:39:15 bacchus dunst[982156]: [ 331264.499] {Default Queue}  -> wl_shm_pool#23.create_buffer(new id wl_buffer#22, 0, 309, 38, 1236, 0)
Feb 06 13:39:15 bacchus dunst[982156]: [ 331264.510] {Default Queue}  -> wl_shm_pool#23.destroy()
Feb 06 13:39:15 bacchus dunst[982156]: [ 331264.649] {Default Queue}  -> wl_surface#20.frame(new id wl_callback#27)
Feb 06 13:39:15 bacchus dunst[982156]: [ 331264.667] {Default Queue}  -> wl_surface#20.commit()
Feb 06 13:39:15 bacchus dunst[982156]: [ 331264.674] {Default Queue}  -> wl_display#1.sync(new id wl_callback#28)
Feb 06 13:39:15 bacchus dunst[982156]: [ 331264.683] {Default Queue} wl_output#21.done()
Feb 06 13:39:15 bacchus dunst[982156]: [ 331264.695] {Default Queue} zwlr_foreign_toplevel_handle_v1#4278190081.output_enter(wl_output#21)
Feb 06 13:39:15 bacchus dunst[982156]: [ 331264.704] {Default Queue} zwlr_foreign_toplevel_handle_v1#4278190081.done()
Feb 06 13:39:15 bacchus dunst[982156]: [ 331264.714] {Default Queue} zwlr_foreign_toplevel_handle_v1#4278190086.output_enter(wl_output#21)
Feb 06 13:39:15 bacchus dunst[982156]: [ 331264.720] {Default Queue} zwlr_foreign_toplevel_handle_v1#4278190086.done()
Feb 06 13:39:15 bacchus dunst[982156]: [ 331274.735] {Display Queue} wl_display#1.delete_id(26)
Feb 06 13:39:15 bacchus dunst[982156]: [ 331274.751] {Display Queue} wl_display#1.delete_id(24)
Feb 06 13:39:15 bacchus dunst[982156]: [ 331274.754] {Display Queue} wl_display#1.delete_id(23)
Feb 06 13:39:15 bacchus dunst[982156]: [ 331274.757] {Display Queue} wl_display#1.delete_id(28)
Feb 06 13:39:15 bacchus dunst[982156]: [ 331274.759] {Default Queue} wl_callback#28.done(0)
Feb 06 13:39:15 bacchus dunst[982156]: [ 331275.457] {Display Queue} wl_display#1.delete_id(27)
Feb 06 13:39:15 bacchus dunst[982156]: [ 331275.473] {Default Queue} wl_callback#27.done(340671913)
Feb 06 13:39:15 bacchus dunst[982156]: [ 331275.479] {Default Queue}  -> wl_surface#20.set_buffer_scale(1)
Feb 06 13:39:15 bacchus dunst[982156]: [ 331275.484] {Default Queue}  -> wl_surface#20.damage_buffer(0, 0, 2147483647, 2147483647)
Feb 06 13:39:15 bacchus dunst[982156]: [ 331275.489] {Default Queue}  -> wl_surface#20.attach(wl_buffer#22, 0, 0)
Feb 06 13:39:15 bacchus dunst[982156]: [ 331275.493] {Default Queue}  -> wl_surface#20.frame(new id wl_callback#27)
Feb 06 13:39:15 bacchus dunst[982156]: [ 331275.497] {Default Queue}  -> wl_surface#20.commit()
Feb 06 13:39:15 bacchus dunst[982156]: [ 331277.655] {Display Queue} wl_display#1.delete_id(27)
Feb 06 13:39:15 bacchus dunst[982156]: [ 331277.680] {Default Queue} wl_buffer#25.release()
Feb 06 13:39:15 bacchus dunst[982156]: [ 331277.683] {Default Queue} wl_callback#27.done(340671916)
Feb 06 13:39:19 bacchus dunst[982156]: [ 335112.925] {Default Queue}  -> wl_surface#20.frame(new id wl_callback#27)
Feb 06 13:39:19 bacchus dunst[982156]: [ 335112.970] {Default Queue}  -> wl_surface#20.commit()
Feb 06 13:39:19 bacchus dunst[982156]: [ 335112.981] {Default Queue}  -> wl_display#1.sync(new id wl_callback#28)
Feb 06 13:39:19 bacchus dunst[982156]: [ 335114.482] {Display Queue} wl_display#1.delete_id(28)
Feb 06 13:39:19 bacchus dunst[982156]: [ 335114.516] {Default Queue} wl_callback#28.done(0)
Feb 06 13:39:19 bacchus dunst[982156]: [ 335121.945] {Display Queue} wl_display#1.delete_id(27)
Feb 06 13:39:19 bacchus dunst[982156]: [ 335121.985] {Default Queue} wl_callback#27.done(340675760)
Feb 06 13:39:19 bacchus dunst[982156]: [ 335122.003] {Default Queue}  -> zwlr_layer_surface_v1#19.destroy()
Feb 06 13:39:19 bacchus dunst[982156]: [ 335122.017] {Default Queue}  -> wl_surface#20.destroy()
Feb 06 13:39:19 bacchus dunst[982156]: [ 335124.005] discarded [unknown]#20.[event 1](0 fd, 12 byte)
Feb 06 13:39:19 bacchus dunst[982156]: [ 335124.055] {Display Queue} wl_display#1.delete_id(19)
Feb 06 13:39:19 bacchus dunst[982156]: [ 335124.076] {Display Queue} wl_display#1.delete_id(20)
Feb 06 13:39:19 bacchus dunst[982156]: [ 335124.085] {Default Queue} wl_buffer#22.release()
```

</details>

**Comment by fedang** [comment]
I am not an expert (far from it) in Wayland, but I don't think this is necessarily a bug.
My hypotesis is that the wl_output is being removed from the global registry before the leave event is dispatched.
So it's a sort of race condition. But some extra check should be all that's required
